mode: set
raioz/internal/errors/format.go:9.36,11.43 1 1
raioz/internal/errors/format.go:11.43,13.3 1 1
raioz/internal/errors/format.go:16.2,17.24 2 1
raioz/internal/errors/format.go:17.24,19.3 1 0
raioz/internal/errors/format.go:22.2,22.45 1 1
raioz/internal/errors/format.go:26.48,27.20 1 0
raioz/internal/errors/format.go:27.20,29.3 1 0
raioz/internal/errors/format.go:31.2,34.27 3 0
raioz/internal/errors/format.go:34.27,36.22 2 0
raioz/internal/errors/format.go:36.22,38.4 1 0
raioz/internal/errors/format.go:41.2,41.24 1 0
raioz/internal/errors/format.go:45.46,46.16 1 1
raioz/internal/errors/format.go:46.16,48.3 1 0
raioz/internal/errors/format.go:50.2,50.43 1 1
raioz/internal/errors/format.go:50.43,53.3 2 1
raioz/internal/errors/format.go:56.2,60.34 2 1
raioz/internal/errors/format.go:60.34,62.3 1 1
raioz/internal/errors/format.go:64.2,64.14 1 1
raioz/internal/errors/recovery.go:13.49,14.30 1 0
raioz/internal/errors/recovery.go:14.30,26.31 4 0
raioz/internal/errors/recovery.go:26.31,28.4 1 0
raioz/internal/errors/recovery.go:28.9,30.4 1 0
raioz/internal/errors/recovery.go:32.3,40.37 1 0
raioz/internal/errors/recovery.go:42.2,42.12 1 0
raioz/internal/errors/recovery.go:47.52,48.30 1 0
raioz/internal/errors/recovery.go:48.30,57.31 4 0
raioz/internal/errors/recovery.go:57.31,59.4 1 0
raioz/internal/errors/recovery.go:59.9,61.4 1 0
raioz/internal/errors/recovery.go:63.3,63.85 1 0
raioz/internal/errors/recovery.go:65.2,65.12 1 0
raioz/internal/errors/recovery.go:70.65,71.15 1 0
raioz/internal/errors/recovery.go:71.15,72.31 1 0
raioz/internal/errors/recovery.go:72.31,81.32 4 0
raioz/internal/errors/recovery.go:81.32,83.5 1 0
raioz/internal/errors/recovery.go:83.10,85.5 1 0
raioz/internal/errors/recovery.go:87.4,95.38 1 0
raioz/internal/errors/recovery.go:99.2,99.13 1 0
raioz/internal/errors/recovery.go:103.53,105.9 2 0
raioz/internal/errors/recovery.go:105.9,109.3 1 0
raioz/internal/errors/recovery.go:111.2,116.3 2 0
raioz/internal/errors/types.go:58.37,60.2 1 1
raioz/internal/errors/types.go:63.37,65.2 1 1
raioz/internal/errors/types.go:68.54,74.2 1 1
raioz/internal/errors/types.go:77.77,78.22 1 1
raioz/internal/errors/types.go:78.22,80.3 1 0
raioz/internal/errors/types.go:81.2,82.10 2 1
raioz/internal/errors/types.go:86.68,89.2 2 1
raioz/internal/errors/types.go:92.55,95.2 2 1
raioz/internal/errors/types.go:98.38,102.24 3 1
raioz/internal/errors/types.go:102.24,104.37 2 1
raioz/internal/errors/types.go:104.37,106.4 1 1
raioz/internal/errors/types.go:109.2,109.24 1 1
raioz/internal/errors/types.go:109.24,111.3 1 1
raioz/internal/errors/types.go:113.2,113.26 1 1
raioz/internal/errors/types.go:113.26,115.3 1 0
raioz/internal/errors/types.go:117.2,117.15 1 1
raioz/internal/config/apply_overrides.go:13.58,15.16 2 0
raioz/internal/config/apply_overrides.go:15.16,17.3 1 0
raioz/internal/config/apply_overrides.go:20.2,22.25 2 0
raioz/internal/config/apply_overrides.go:22.25,25.3 1 0
raioz/internal/config/apply_overrides.go:28.2,39.39 3 0
raioz/internal/config/apply_overrides.go:39.39,41.3 1 0
raioz/internal/config/apply_overrides.go:44.2,44.53 1 0
raioz/internal/config/apply_overrides.go:44.53,46.76 1 0
raioz/internal/config/apply_overrides.go:46.76,48.12 1 0
raioz/internal/config/apply_overrides.go:52.3,53.14 2 0
raioz/internal/config/apply_overrides.go:53.14,55.12 1 0
raioz/internal/config/apply_overrides.go:59.3,59.39 1 0
raioz/internal/config/apply_overrides.go:59.39,60.12 1 0
raioz/internal/config/apply_overrides.go:64.3,65.17 2 0
raioz/internal/config/apply_overrides.go:65.17,67.4 1 0
raioz/internal/config/apply_overrides.go:71.3,78.59 4 0
raioz/internal/config/apply_overrides.go:81.2,81.38 1 0
raioz/internal/config/apply_overrides.go:85.52,87.2 1 0
raioz/internal/config/apply_overrides.go:91.64,93.16 2 0
raioz/internal/config/apply_overrides.go:93.16,95.3 1 0
raioz/internal/config/apply_overrides.go:97.2,97.27 1 0
raioz/internal/config/apply_overrides.go:97.27,99.3 1 0
raioz/internal/config/apply_overrides.go:102.2,102.75 1 0
raioz/internal/config/apply_overrides.go:102.75,105.3 1 0
raioz/internal/config/apply_overrides.go:107.2,108.16 2 0
raioz/internal/config/apply_overrides.go:108.16,110.3 1 0
raioz/internal/config/apply_overrides.go:112.2,112.27 1 0
raioz/internal/config/dependency_assist.go:24.32,28.39 2 0
raioz/internal/config/dependency_assist.go:28.39,30.48 1 0
raioz/internal/config/dependency_assist.go:30.48,31.52 1 0
raioz/internal/config/dependency_assist.go:31.52,38.5 1 0
raioz/internal/config/dependency_assist.go:44.2,44.39 1 0
raioz/internal/config/dependency_assist.go:44.39,45.31 1 0
raioz/internal/config/dependency_assist.go:45.31,46.12 1 0
raioz/internal/config/dependency_assist.go:50.3,51.57 2 0
raioz/internal/config/dependency_assist.go:51.57,52.12 1 0
raioz/internal/config/dependency_assist.go:56.3,57.63 2 0
raioz/internal/config/dependency_assist.go:57.63,58.12 1 0
raioz/internal/config/dependency_assist.go:62.3,63.17 2 0
raioz/internal/config/dependency_assist.go:63.17,65.12 1 0
raioz/internal/config/dependency_assist.go:69.3,69.53 1 0
raioz/internal/config/dependency_assist.go:69.53,71.52 1 0
raioz/internal/config/dependency_assist.go:71.52,80.5 1 0
raioz/internal/config/dependency_assist.go:84.2,84.21 1 0
raioz/internal/config/dependency_assist.go:89.67,91.55 2 0
raioz/internal/config/dependency_assist.go:91.55,93.3 1 0
raioz/internal/config/dependency_assist.go:95.2,96.16 2 0
raioz/internal/config/dependency_assist.go:96.16,98.3 1 0
raioz/internal/config/dependency_assist.go:100.2,100.30 1 0
raioz/internal/config/dependency_assist.go:116.33,120.43 2 0
raioz/internal/config/dependency_assist.go:120.43,121.35 1 0
raioz/internal/config/dependency_assist.go:121.35,122.12 1 0
raioz/internal/config/dependency_assist.go:126.3,127.57 2 0
raioz/internal/config/dependency_assist.go:127.57,128.12 1 0
raioz/internal/config/dependency_assist.go:132.3,133.17 2 0
raioz/internal/config/dependency_assist.go:133.17,135.12 1 0
raioz/internal/config/dependency_assist.go:139.3,140.14 2 0
raioz/internal/config/dependency_assist.go:140.14,141.12 1 0
raioz/internal/config/dependency_assist.go:145.3,148.56 2 0
raioz/internal/config/dependency_assist.go:148.56,153.4 1 0
raioz/internal/config/dependency_assist.go:156.3,156.52 1 0
raioz/internal/config/dependency_assist.go:156.52,161.4 1 0
raioz/internal/config/dependency_assist.go:164.3,164.52 1 0
raioz/internal/config/dependency_assist.go:164.52,169.4 1 0
raioz/internal/config/dependency_assist.go:172.3,172.72 1 0
raioz/internal/config/dependency_assist.go:172.72,174.4 1 0
raioz/internal/config/dependency_assist.go:176.3,176.27 1 0
raioz/internal/config/dependency_assist.go:176.27,183.4 1 0
raioz/internal/config/dependency_assist.go:186.2,186.23 1 0
raioz/internal/config/dependency_assist.go:190.44,191.22 1 0
raioz/internal/config/dependency_assist.go:191.22,193.3 1 0
raioz/internal/config/dependency_assist.go:194.2,194.19 1 0
raioz/internal/config/dependency_assist.go:194.19,195.19 1 0
raioz/internal/config/dependency_assist.go:195.19,197.4 1 0
raioz/internal/config/dependency_assist.go:199.2,199.13 1 0
raioz/internal/config/deprecated.go:18.63,20.55 2 1
raioz/internal/config/deprecated.go:20.55,22.3 1 0
raioz/internal/config/deprecated.go:24.2,27.56 2 1
raioz/internal/config/deprecated.go:27.56,28.60 1 1
raioz/internal/config/deprecated.go:28.60,34.4 1 1
raioz/internal/config/deprecated.go:38.2,38.58 1 1
raioz/internal/config/deprecated.go:38.58,39.42 1 1
raioz/internal/config/deprecated.go:39.42,40.47 1 1
raioz/internal/config/deprecated.go:40.47,41.43 1 1
raioz/internal/config/deprecated.go:41.43,50.6 1 1
raioz/internal/config/deprecated.go:56.2,56.52 1 1
raioz/internal/config/deprecated.go:56.52,57.43 1 1
raioz/internal/config/deprecated.go:57.43,58.49 1 1
raioz/internal/config/deprecated.go:58.49,59.43 1 1
raioz/internal/config/deprecated.go:59.43,68.6 1 1
raioz/internal/config/deprecated.go:73.2,73.22 1 1
raioz/internal/config/deps.go:64.53,66.16 2 1
raioz/internal/config/deps.go:66.16,68.3 1 0
raioz/internal/config/deps.go:71.2,72.16 2 1
raioz/internal/config/deps.go:72.16,75.3 1 0
raioz/internal/config/deps.go:77.2,78.52 2 1
raioz/internal/config/deps.go:78.52,80.3 1 0
raioz/internal/config/deps.go:82.2,82.29 1 1
raioz/internal/config/deps.go:87.49,90.2 2 0
raioz/internal/config/deps.go:93.56,102.39 2 1
raioz/internal/config/deps.go:102.39,104.42 1 1
raioz/internal/config/deps.go:104.42,105.12 1 1
raioz/internal/config/deps.go:109.3,109.29 1 1
raioz/internal/config/deps.go:109.29,111.4 1 1
raioz/internal/config/deps.go:111.9,112.35 1 1
raioz/internal/config/deps.go:112.35,113.21 1 1
raioz/internal/config/deps.go:113.21,115.11 2 1
raioz/internal/config/deps.go:121.2,121.17 1 1
raioz/internal/config/filter.go:9.100,20.39 3 1
raioz/internal/config/filter.go:20.39,22.42 1 1
raioz/internal/config/filter.go:22.42,23.12 1 1
raioz/internal/config/filter.go:27.3,27.50 1 1
raioz/internal/config/filter.go:27.50,28.12 1 1
raioz/internal/config/filter.go:32.3,32.43 1 1
raioz/internal/config/filter.go:32.43,48.38 2 1
raioz/internal/config/filter.go:48.38,50.5 1 0
raioz/internal/config/filter.go:52.4,57.45 4 1
raioz/internal/config/filter.go:58.9,61.4 1 1
raioz/internal/config/filter.go:64.2,64.31 1 1
raioz/internal/config/filter.go:68.45,69.39 1 1
raioz/internal/config/filter.go:69.39,71.42 1 1
raioz/internal/config/filter.go:71.42,72.28 1 1
raioz/internal/config/filter.go:72.28,77.5 1 1
raioz/internal/config/filter.go:81.3,81.29 1 1
raioz/internal/config/filter.go:81.29,83.59 1 1
raioz/internal/config/filter.go:83.59,88.5 1 1
raioz/internal/config/filter.go:91.4,91.47 1 1
raioz/internal/config/filter.go:91.47,92.42 1 1
raioz/internal/config/filter.go:92.42,97.6 1 1
raioz/internal/config/filter.go:102.2,102.12 1 1
raioz/internal/config/flags.go:26.87,28.16 1 1
raioz/internal/config/flags.go:28.16,30.3 1 1
raioz/internal/config/flags.go:33.2,33.15 1 1
raioz/internal/config/flags.go:33.15,35.26 1 1
raioz/internal/config/flags.go:35.26,36.33 1 1
raioz/internal/config/flags.go:36.33,37.21 1 1
raioz/internal/config/flags.go:37.21,39.6 1 1
raioz/internal/config/flags.go:41.4,41.16 1 1
raioz/internal/config/flags.go:43.3,43.14 1 1
raioz/internal/config/flags.go:47.2,47.20 1 1
raioz/internal/config/flags.go:47.20,49.14 2 1
raioz/internal/config/flags.go:49.14,52.4 1 0
raioz/internal/config/flags.go:53.3,53.23 1 1
raioz/internal/config/flags.go:53.23,55.4 1 1
raioz/internal/config/flags.go:56.3,56.66 1 1
raioz/internal/config/flags.go:60.2,60.25 1 1
raioz/internal/config/flags.go:60.25,61.32 1 1
raioz/internal/config/flags.go:61.32,62.20 1 1
raioz/internal/config/flags.go:62.20,64.5 1 1
raioz/internal/config/flags.go:69.2,69.13 1 0
raioz/internal/config/flags.go:77.8,78.21 1 1
raioz/internal/config/flags.go:78.21,80.3 1 1
raioz/internal/config/flags.go:81.2,81.49 1 1
raioz/internal/config/flags.go:91.8,93.24 1 1
raioz/internal/config/flags.go:93.24,95.3 1 1
raioz/internal/config/flags.go:98.2,98.28 1 1
raioz/internal/config/flags.go:98.28,100.3 1 1
raioz/internal/config/flags.go:101.2,101.52 1 1
raioz/internal/config/flags.go:109.8,111.2 1 1
raioz/internal/config/ignore_filter.go:9.65,11.16 2 0
raioz/internal/config/ignore_filter.go:11.16,13.3 1 0
raioz/internal/config/ignore_filter.go:15.2,15.31 1 0
raioz/internal/config/ignore_filter.go:15.31,18.3 1 0
raioz/internal/config/ignore_filter.go:21.2,22.39 2 0
raioz/internal/config/ignore_filter.go:22.39,24.3 1 0
raioz/internal/config/ignore_filter.go:26.2,36.39 3 0
raioz/internal/config/ignore_filter.go:36.39,37.23 1 0
raioz/internal/config/ignore_filter.go:37.23,40.12 2 0
raioz/internal/config/ignore_filter.go:43.3,43.32 1 0
raioz/internal/config/ignore_filter.go:46.2,46.31 1 0
raioz/internal/config/ignore_filter.go:51.89,52.31 1 0
raioz/internal/config/ignore_filter.go:52.31,54.3 1 0
raioz/internal/config/ignore_filter.go:57.2,58.39 2 0
raioz/internal/config/ignore_filter.go:58.39,60.3 1 0
raioz/internal/config/ignore_filter.go:63.2,65.39 2 0
raioz/internal/config/ignore_filter.go:65.39,66.23 1 0
raioz/internal/config/ignore_filter.go:66.23,67.12 1 0
raioz/internal/config/ignore_filter.go:70.3,71.44 2 0
raioz/internal/config/ignore_filter.go:71.44,72.23 1 0
raioz/internal/config/ignore_filter.go:72.23,74.5 1 0
raioz/internal/config/ignore_filter.go:77.3,77.27 1 0
raioz/internal/config/ignore_filter.go:77.27,79.4 1 0
raioz/internal/config/ignore_filter.go:82.2,82.15 1 0
raioz/internal/lock/lock.go:20.54,26.16 3 1
raioz/internal/lock/lock.go:26.16,27.22 1 1
raioz/internal/lock/lock.go:27.22,29.4 1 1
raioz/internal/lock/lock.go:30.3,30.60 1 0
raioz/internal/lock/lock.go:34.2,37.53 4 1
raioz/internal/lock/lock.go:37.53,41.3 3 0
raioz/internal/lock/lock.go:43.2,49.18 2 1
raioz/internal/lock/lock.go:52.32,53.19 1 1
raioz/internal/lock/lock.go:53.19,55.3 1 1
raioz/internal/lock/lock.go:56.2,56.18 1 1
raioz/internal/lock/lock.go:56.18,58.3 1 1
raioz/internal/lock/lock.go:59.2,59.12 1 1
raioz/internal/logging/config.go:9.18,20.29 2 1
raioz/internal/logging/config.go:20.29,21.27 1 1
raioz/internal/logging/config.go:21.27,23.4 1 0
raioz/internal/logging/config.go:25.2,25.14 1 1
raioz/internal/logging/config.go:29.43,31.15 2 1
raioz/internal/logging/config.go:32.15,33.23 1 1
raioz/internal/logging/config.go:34.14,35.22 1 1
raioz/internal/logging/config.go:36.25,37.22 1 0
raioz/internal/logging/config.go:38.15,39.23 1 0
raioz/internal/logging/config.go:40.10,41.22 1 1
raioz/internal/logging/config.go:46.20,48.20 2 1
raioz/internal/logging/config.go:48.20,50.3 1 1
raioz/internal/logging/config.go:52.2,54.43 2 1
raioz/internal/logging/logger.go:29.38,38.10 5 1
raioz/internal/logging/logger.go:38.10,40.3 1 1
raioz/internal/logging/logger.go:40.8,42.3 1 1
raioz/internal/logging/logger.go:44.2,44.28 1 1
raioz/internal/logging/logger.go:48.31,50.19 2 1
raioz/internal/logging/logger.go:50.19,52.3 1 1
raioz/internal/logging/logger.go:56.31,58.19 2 1
raioz/internal/logging/logger.go:58.19,60.3 1 1
raioz/internal/logging/logger.go:64.44,65.40 1 1
raioz/internal/logging/logger.go:66.15,67.25 1 1
raioz/internal/logging/logger.go:68.14,69.24 1 1
raioz/internal/logging/logger.go:70.14,71.24 1 1
raioz/internal/logging/logger.go:72.15,73.25 1 1
raioz/internal/logging/logger.go:74.10,75.24 1 1
raioz/internal/logging/logger.go:80.28,82.2 1 1
raioz/internal/logging/logger.go:85.26,87.2 1 1
raioz/internal/logging/logger.go:90.37,91.19 1 1
raioz/internal/logging/logger.go:91.19,93.3 1 1
raioz/internal/logging/logger.go:97.36,98.19 1 1
raioz/internal/logging/logger.go:98.19,100.3 1 1
raioz/internal/logging/logger.go:104.36,105.19 1 1
raioz/internal/logging/logger.go:105.19,107.3 1 1
raioz/internal/logging/logger.go:111.37,112.19 1 1
raioz/internal/logging/logger.go:112.19,114.3 1 1
raioz/internal/logging/logger.go:118.16,119.19 1 1
raioz/internal/logging/logger.go:119.19,121.3 1 1
raioz/internal/output/format.go:10.35,12.2 1 1
raioz/internal/output/format.go:15.35,17.2 1 1
raioz/internal/output/format.go:20.33,22.2 1 1
raioz/internal/output/format.go:25.32,27.2 1 1
raioz/internal/output/format.go:30.45,32.18 2 1
raioz/internal/output/format.go:32.18,34.3 1 1
raioz/internal/output/format.go:35.2,37.18 3 1
raioz/internal/output/format.go:37.18,39.3 1 1
raioz/internal/output/format.go:40.2,42.56 3 1
raioz/internal/output/format.go:46.78,50.23 3 1
raioz/internal/output/format.go:50.23,53.3 2 1
raioz/internal/output/format.go:55.2,55.20 1 1
raioz/internal/output/format.go:55.20,58.3 2 1
raioz/internal/output/format.go:60.2,62.15 3 1
raioz/internal/output/format.go:66.45,68.2 1 1
raioz/internal/output/format.go:71.49,73.2 1 1
raioz/internal/output/format.go:76.42,78.2 1 1
raioz/internal/output/format.go:81.30,83.2 1 1
raioz/internal/output/format.go:86.31,88.2 1 1
raioz/internal/output/format.go:91.30,93.2 1 1
raioz/internal/output/format.go:96.46,98.2 1 1
raioz/internal/output/format.go:101.51,102.23 1 1
raioz/internal/output/format.go:102.23,104.3 1 1
raioz/internal/output/format.go:105.2,106.33 2 1
raioz/internal/output/format.go:106.33,108.3 1 1
raioz/internal/output/format.go:109.2,109.20 1 1
raioz/internal/output/format.go:113.36,115.2 1 0
raioz/internal/output/format.go:118.61,120.2 1 0
raioz/internal/output/format.go:123.40,125.2 1 0
raioz/internal/output/format.go:128.41,130.2 1 0
raioz/internal/output/format.go:133.39,137.2 3 1
raioz/internal/output/format.go:140.36,142.2 1 1
raioz/internal/output/format.go:145.44,147.29 2 1
raioz/internal/output/format.go:147.29,149.3 1 1
raioz/internal/output/format.go:153.39,155.2 1 1
raioz/internal/output/format.go:158.42,160.33 1 0
raioz/internal/output/format.go:160.33,161.12 1 0
raioz/internal/output/format.go:161.12,163.4 1 0
raioz/internal/output/format.go:164.3,164.20 1 0
raioz/internal/output/format.go:166.2,170.24 3 0
raioz/internal/output/format.go:174.38,175.31 1 0
raioz/internal/output/format.go:175.31,176.12 1 0
raioz/internal/output/format.go:176.12,178.4 1 0
raioz/internal/output/format.go:179.3,179.19 1 0
raioz/internal/output/format.go:181.2,181.15 1 0
raioz/internal/output/format.go:185.38,187.2 1 0
raioz/internal/ignore/ignore.go:21.44,23.49 1 1
raioz/internal/ignore/ignore.go:23.49,24.49 1 1
raioz/internal/ignore/ignore.go:24.49,26.4 1 0
raioz/internal/ignore/ignore.go:27.3,27.19 1 1
raioz/internal/ignore/ignore.go:31.2,32.51 2 0
raioz/internal/ignore/ignore.go:32.51,34.3 1 0
raioz/internal/ignore/ignore.go:37.2,38.16 2 0
raioz/internal/ignore/ignore.go:38.16,40.3 1 0
raioz/internal/ignore/ignore.go:42.2,43.19 2 0
raioz/internal/ignore/ignore.go:43.19,45.3 1 0
raioz/internal/ignore/ignore.go:47.2,48.31 2 0
raioz/internal/ignore/ignore.go:48.31,50.3 1 0
raioz/internal/ignore/ignore.go:52.2,52.56 1 0
raioz/internal/ignore/ignore.go:52.56,54.3 1 0
raioz/internal/ignore/ignore.go:56.2,56.26 1 0
raioz/internal/ignore/ignore.go:60.38,62.16 2 1
raioz/internal/ignore/ignore.go:62.16,64.3 1 0
raioz/internal/ignore/ignore.go:65.2,65.52 1 1
raioz/internal/ignore/ignore.go:69.36,71.16 2 1
raioz/internal/ignore/ignore.go:71.16,73.3 1 0
raioz/internal/ignore/ignore.go:75.2,76.16 2 1
raioz/internal/ignore/ignore.go:76.16,77.25 1 1
raioz/internal/ignore/ignore.go:77.25,80.4 1 1
raioz/internal/ignore/ignore.go:81.3,81.64 1 0
raioz/internal/ignore/ignore.go:84.2,85.54 2 1
raioz/internal/ignore/ignore.go:85.54,87.3 1 0
raioz/internal/ignore/ignore.go:90.2,90.28 1 1
raioz/internal/ignore/ignore.go:90.28,92.3 1 1
raioz/internal/ignore/ignore.go:94.2,94.21 1 1
raioz/internal/ignore/ignore.go:98.39,100.16 2 1
raioz/internal/ignore/ignore.go:100.16,102.3 1 0
raioz/internal/ignore/ignore.go:105.2,106.47 2 1
raioz/internal/ignore/ignore.go:106.47,108.3 1 0
raioz/internal/ignore/ignore.go:110.2,111.16 2 1
raioz/internal/ignore/ignore.go:111.16,113.3 1 0
raioz/internal/ignore/ignore.go:115.2,115.55 1 1
raioz/internal/ignore/ignore.go:115.55,117.3 1 0
raioz/internal/ignore/ignore.go:119.2,119.12 1 1
raioz/internal/ignore/ignore.go:123.50,125.16 2 1
raioz/internal/ignore/ignore.go:125.16,127.3 1 0
raioz/internal/ignore/ignore.go:129.2,129.42 1 1
raioz/internal/ignore/ignore.go:129.42,130.29 1 1
raioz/internal/ignore/ignore.go:130.29,132.4 1 1
raioz/internal/ignore/ignore.go:135.2,135.19 1 1
raioz/internal/ignore/ignore.go:139.43,141.16 2 1
raioz/internal/ignore/ignore.go:141.16,143.3 1 0
raioz/internal/ignore/ignore.go:146.2,146.42 1 1
raioz/internal/ignore/ignore.go:146.42,147.29 1 1
raioz/internal/ignore/ignore.go:147.29,149.4 1 1
raioz/internal/ignore/ignore.go:153.2,155.21 2 1
raioz/internal/ignore/ignore.go:159.46,161.16 2 1
raioz/internal/ignore/ignore.go:161.16,163.3 1 0
raioz/internal/ignore/ignore.go:166.2,168.42 3 1
raioz/internal/ignore/ignore.go:168.42,169.29 1 1
raioz/internal/ignore/ignore.go:169.29,171.4 1 0
raioz/internal/ignore/ignore.go:171.9,173.4 1 1
raioz/internal/ignore/ignore.go:176.2,176.12 1 1
raioz/internal/ignore/ignore.go:176.12,178.3 1 1
raioz/internal/ignore/ignore.go:180.2,181.21 2 1
raioz/internal/ignore/ignore.go:185.45,187.16 2 1
raioz/internal/ignore/ignore.go:187.16,189.3 1 0
raioz/internal/ignore/ignore.go:191.2,191.29 1 1
raioz/internal/env/resolver.go:22.21,26.24 2 1
raioz/internal/env/resolver.go:26.24,28.48 2 1
raioz/internal/env/resolver.go:28.48,30.4 1 1
raioz/internal/env/resolver.go:34.2,34.41 1 1
raioz/internal/env/resolver.go:34.41,39.46 3 1
raioz/internal/env/resolver.go:39.46,42.18 2 1
raioz/internal/env/resolver.go:42.18,44.5 1 0
raioz/internal/env/resolver.go:45.9,45.53 1 0
raioz/internal/env/resolver.go:45.53,47.12 1 0
raioz/internal/env/resolver.go:48.9,51.18 2 0
raioz/internal/env/resolver.go:51.18,53.5 1 0
raioz/internal/env/resolver.go:56.3,56.45 1 1
raioz/internal/env/resolver.go:56.45,58.4 1 1
raioz/internal/env/resolver.go:62.2,62.35 1 1
raioz/internal/env/resolver.go:62.35,66.46 3 1
raioz/internal/env/resolver.go:66.46,69.18 2 1
raioz/internal/env/resolver.go:69.18,71.5 1 0
raioz/internal/env/resolver.go:72.9,75.18 2 0
raioz/internal/env/resolver.go:75.18,77.5 1 0
raioz/internal/env/resolver.go:80.3,80.45 1 1
raioz/internal/env/resolver.go:80.45,82.4 1 1
raioz/internal/env/resolver.go:82.9,82.31 1 0
raioz/internal/env/resolver.go:82.31,85.4 1 0
raioz/internal/env/resolver.go:88.2,88.27 1 1
raioz/internal/env/resolver.go:93.63,96.37 2 1
raioz/internal/env/resolver.go:96.37,98.17 2 1
raioz/internal/env/resolver.go:98.17,100.4 1 0
raioz/internal/env/resolver.go:103.3,103.29 1 1
raioz/internal/env/resolver.go:103.29,105.4 1 1
raioz/internal/env/resolver.go:108.2,108.17 1 1
raioz/internal/env/resolver.go:112.65,116.16 3 1
raioz/internal/env/resolver.go:116.16,118.3 1 0
raioz/internal/env/resolver.go:119.2,124.21 4 1
raioz/internal/env/resolver.go:124.21,129.49 3 1
raioz/internal/env/resolver.go:129.49,130.12 1 1
raioz/internal/env/resolver.go:134.3,135.22 2 1
raioz/internal/env/resolver.go:135.22,137.4 1 0
raioz/internal/env/resolver.go:139.3,143.22 3 1
raioz/internal/env/resolver.go:143.22,145.55 1 1
raioz/internal/env/resolver.go:145.55,147.5 1 1
raioz/internal/env/resolver.go:150.3,150.19 1 1
raioz/internal/env/resolver.go:153.2,153.38 1 1
raioz/internal/env/resolver.go:153.38,155.3 1 0
raioz/internal/env/resolver.go:157.2,157.17 1 1
raioz/internal/env/resolver.go:167.19,169.16 2 1
raioz/internal/env/resolver.go:169.16,171.3 1 0
raioz/internal/env/resolver.go:173.2,173.29 1 1
raioz/internal/env/resolver.go:173.29,176.3 1 0
raioz/internal/env/resolver.go:178.2,178.29 1 1
raioz/internal/env/resolver.go:178.29,181.3 1 1
raioz/internal/env/resolver.go:184.2,187.51 2 1
raioz/internal/env/resolver.go:187.51,189.3 1 0
raioz/internal/env/resolver.go:192.2,193.16 2 1
raioz/internal/env/resolver.go:193.16,195.3 1 0
raioz/internal/env/resolver.go:198.2,199.16 2 1
raioz/internal/env/resolver.go:199.16,201.3 1 0
raioz/internal/env/resolver.go:202.2,204.36 2 1
raioz/internal/env/resolver.go:204.36,207.67 2 1
raioz/internal/env/resolver.go:207.67,209.4 1 0
raioz/internal/env/resolver.go:210.3,210.76 1 1
raioz/internal/env/resolver.go:210.76,212.4 1 0
raioz/internal/env/resolver.go:215.2,215.26 1 1
raioz/internal/env/resolver.go:219.51,227.27 2 1
raioz/internal/env/resolver.go:227.27,228.48 1 1
raioz/internal/env/resolver.go:228.48,230.4 1 0
raioz/internal/env/resolver.go:233.2,233.12 1 1
raioz/internal/env/sanitize.go:26.38,28.47 2 1
raioz/internal/env/sanitize.go:28.47,29.42 1 1
raioz/internal/env/sanitize.go:29.42,31.4 1 1
raioz/internal/env/sanitize.go:33.2,33.14 1 1
raioz/internal/env/sanitize.go:38.49,39.25 1 1
raioz/internal/env/sanitize.go:39.25,41.3 1 1
raioz/internal/env/sanitize.go:42.2,42.14 1 1
raioz/internal/env/sanitize.go:47.62,49.30 2 1
raioz/internal/env/sanitize.go:49.30,51.3 1 1
raioz/internal/env/sanitize.go:52.2,52.18 1 1
raioz/internal/env/sanitize.go:58.41,63.29 3 1
raioz/internal/env/sanitize.go:63.29,65.47 1 1
raioz/internal/env/sanitize.go:65.47,67.27 2 1
raioz/internal/env/sanitize.go:67.27,69.13 2 1
raioz/internal/env/sanitize.go:72.3,72.48 1 1
raioz/internal/env/sanitize.go:75.2,75.43 1 1
raioz/internal/override/override.go:25.35,27.49 1 1
raioz/internal/override/override.go:27.49,28.49 1 1
raioz/internal/override/override.go:28.49,30.4 1 0
raioz/internal/override/override.go:31.3,31.19 1 1
raioz/internal/override/override.go:35.2,36.51 2 0
raioz/internal/override/override.go:36.51,38.3 1 0
raioz/internal/override/override.go:41.2,42.16 2 0
raioz/internal/override/override.go:42.16,44.3 1 0
raioz/internal/override/override.go:46.2,47.19 2 0
raioz/internal/override/override.go:47.19,49.3 1 0
raioz/internal/override/override.go:51.2,52.31 2 0
raioz/internal/override/override.go:52.31,54.3 1 0
raioz/internal/override/override.go:56.2,56.56 1 0
raioz/internal/override/override.go:56.56,58.3 1 0
raioz/internal/override/override.go:60.2,60.26 1 0
raioz/internal/override/override.go:64.41,66.16 2 1
raioz/internal/override/override.go:66.16,68.3 1 0
raioz/internal/override/override.go:69.2,69.55 1 1
raioz/internal/override/override.go:73.41,75.16 2 1
raioz/internal/override/override.go:75.16,77.3 1 0
raioz/internal/override/override.go:79.2,80.16 2 1
raioz/internal/override/override.go:80.16,81.25 1 1
raioz/internal/override/override.go:81.25,83.4 1 1
raioz/internal/override/override.go:84.3,84.67 1 0
raioz/internal/override/override.go:87.2,88.57 2 1
raioz/internal/override/override.go:88.57,90.3 1 0
raioz/internal/override/override.go:93.2,93.22 1 1
raioz/internal/override/override.go:93.22,95.3 1 1
raioz/internal/override/override.go:97.2,97.23 1 1
raioz/internal/override/override.go:101.47,103.16 2 1
raioz/internal/override/override.go:103.16,105.3 1 0
raioz/internal/override/override.go:108.2,109.47 2 1
raioz/internal/override/override.go:109.47,111.3 1 0
raioz/internal/override/override.go:113.2,114.16 2 1
raioz/internal/override/override.go:114.16,116.3 1 0
raioz/internal/override/override.go:118.2,118.55 1 1
raioz/internal/override/override.go:118.55,120.3 1 0
raioz/internal/override/override.go:122.2,122.12 1 1
raioz/internal/override/override.go:126.63,128.16 2 1
raioz/internal/override/override.go:128.16,130.3 1 0
raioz/internal/override/override.go:132.2,134.33 2 1
raioz/internal/override/override.go:138.47,140.16 2 1
raioz/internal/override/override.go:140.16,142.3 1 0
raioz/internal/override/override.go:144.2,146.33 2 1
raioz/internal/override/override.go:150.57,152.16 2 1
raioz/internal/override/override.go:152.16,154.3 1 0
raioz/internal/override/override.go:156.2,156.48 1 1
raioz/internal/override/override.go:156.48,158.3 1 1
raioz/internal/override/override.go:160.2,160.17 1 1
raioz/internal/override/override.go:164.52,166.16 2 1
raioz/internal/override/override.go:166.16,168.3 1 0
raioz/internal/override/override.go:170.2,171.16 2 1
raioz/internal/override/override.go:175.46,177.16 2 1
raioz/internal/override/override.go:177.16,178.25 1 1
raioz/internal/override/override.go:178.25,180.4 1 1
raioz/internal/override/override.go:181.3,181.61 1 0
raioz/internal/override/override.go:184.2,184.19 1 1
raioz/internal/override/override.go:184.19,186.3 1 1
raioz/internal/override/override.go:188.2,188.12 1 1
raioz/internal/override/override.go:192.48,194.16 2 1
raioz/internal/override/override.go:194.16,196.3 1 0
raioz/internal/override/override.go:198.2,199.47 2 1
raioz/internal/override/override.go:199.47,200.61 1 1
raioz/internal/override/override.go:200.61,204.4 2 1
raioz/internal/override/override.go:207.2,207.22 1 1
raioz/internal/override/override.go:207.22,208.50 1 1
raioz/internal/override/override.go:208.50,210.4 1 0
raioz/internal/override/override.go:213.2,213.21 1 1
raioz/cmd/check.go:28.54,33.24 3 0
raioz/cmd/check.go:33.24,35.19 2 0
raioz/cmd/check.go:35.19,37.5 1 0
raioz/cmd/check.go:37.10,42.5 1 0
raioz/cmd/check.go:45.3,46.17 2 0
raioz/cmd/check.go:46.17,48.4 1 0
raioz/cmd/check.go:51.3,51.24 1 0
raioz/cmd/check.go:51.24,56.4 4 0
raioz/cmd/check.go:59.3,60.17 2 0
raioz/cmd/check.go:60.17,62.4 1 0
raioz/cmd/check.go:65.3,66.17 2 0
raioz/cmd/check.go:66.17,68.4 1 0
raioz/cmd/check.go:71.3,74.82 2 0
raioz/cmd/check.go:74.82,78.4 2 0
raioz/cmd/check.go:81.3,81.13 1 0
raioz/cmd/check.go:85.13,88.2 2 1
raioz/cmd/ci.go:28.54,30.3 1 0
raioz/cmd/ci.go:33.13,43.2 8 1
raioz/cmd/ci_execute.go:19.31,31.15 3 0
raioz/cmd/ci_execute.go:31.15,38.48 5 0
raioz/cmd/ci_execute.go:38.48,41.4 1 0
raioz/cmd/ci_execute.go:44.3,44.22 1 0
raioz/cmd/ci_execute.go:44.22,46.4 1 0
raioz/cmd/ci_execute.go:50.2,50.48 1 0
raioz/cmd/ci_execute.go:50.48,58.3 3 0
raioz/cmd/ci_execute.go:60.2,67.16 3 0
raioz/cmd/ci_execute.go:67.16,75.3 3 0
raioz/cmd/ci_execute.go:78.2,78.35 1 0
raioz/cmd/ci_execute.go:78.35,80.3 1 0
raioz/cmd/ci_execute.go:82.2,88.43 2 0
raioz/cmd/ci_execute.go:88.43,96.3 3 0
raioz/cmd/ci_execute.go:98.2,104.58 2 0
raioz/cmd/ci_execute.go:104.58,112.3 3 0
raioz/cmd/ci_execute.go:114.2,120.20 2 0
raioz/cmd/ci_execute.go:120.20,124.3 3 0
raioz/cmd/ci_execute.go:127.2,127.54 1 0
raioz/cmd/ci_execute.go:127.54,130.3 1 0
raioz/cmd/ci_execute.go:132.2,135.28 3 0
raioz/cmd/ci_execute.go:135.28,137.3 1 0
raioz/cmd/ci_execute.go:139.2,139.12 1 0
raioz/cmd/ci_execute.go:143.64,146.35 2 0
raioz/cmd/ci_execute.go:146.35,148.21 2 0
raioz/cmd/ci_execute.go:148.21,150.4 1 0
raioz/cmd/ci_execute.go:154.2,158.27 4 0
raioz/cmd/ci_execute.go:158.27,163.3 1 0
raioz/cmd/ci_execute.go:166.2,168.17 3 0
raioz/cmd/ci_execute.go:168.17,169.20 1 0
raioz/cmd/ci_execute.go:169.20,171.4 1 0
raioz/cmd/ci_execute.go:171.9,173.4 1 0
raioz/cmd/ci_execute.go:174.3,174.35 1 0
raioz/cmd/ci_execute.go:177.2,178.16 2 0
raioz/cmd/ci_execute.go:178.16,186.3 3 0
raioz/cmd/ci_execute.go:189.2,189.68 1 0
raioz/cmd/ci_execute.go:189.68,197.3 3 0
raioz/cmd/ci_execute.go:199.2,206.16 3 0
raioz/cmd/ci_execute.go:206.16,214.3 3 0
raioz/cmd/ci_execute.go:217.2,217.28 1 0
raioz/cmd/ci_execute.go:217.28,218.16 1 0
raioz/cmd/ci_execute.go:218.16,220.4 1 0
raioz/cmd/ci_execute.go:224.2,227.73 2 0
raioz/cmd/ci_execute.go:227.73,229.3 1 0
raioz/cmd/ci_execute.go:232.2,232.55 1 0
raioz/cmd/ci_execute.go:232.55,234.3 1 0
raioz/cmd/ci_execute.go:237.2,237.54 1 0
raioz/cmd/ci_execute.go:237.54,239.3 1 0
raioz/cmd/ci_execute.go:242.2,242.54 1 0
raioz/cmd/ci_execute.go:242.54,244.3 1 0
raioz/cmd/ci_execute.go:247.2,247.55 1 0
raioz/cmd/ci_execute.go:247.55,249.3 1 0
raioz/cmd/ci_execute.go:252.2,253.16 2 0
raioz/cmd/ci_execute.go:253.16,261.3 3 0
raioz/cmd/ci_execute.go:263.2,270.18 3 0
raioz/cmd/ci_execute.go:270.18,271.48 1 0
raioz/cmd/ci_execute.go:271.48,279.4 3 0
raioz/cmd/ci_execute.go:281.3,287.46 2 0
raioz/cmd/ci_execute.go:287.46,289.4 1 0
raioz/cmd/ci_execute.go:289.9,291.4 1 0
raioz/cmd/ci_execute.go:292.8,298.3 1 0
raioz/cmd/ci_execute.go:301.2,302.34 2 0
raioz/cmd/ci_execute.go:302.34,304.3 1 0
raioz/cmd/ci_execute.go:305.2,306.31 2 0
raioz/cmd/ci_execute.go:306.31,308.3 1 0
raioz/cmd/ci_execute.go:310.2,313.12 3 0
raioz/cmd/ci_helpers.go:14.36,16.56 1 0
raioz/cmd/ci_helpers.go:16.56,18.3 1 0
raioz/cmd/ci_helpers.go:19.2,19.54 1 0
raioz/cmd/ci_helpers.go:19.54,21.3 1 0
raioz/cmd/ci_helpers.go:23.2,23.12 1 0
raioz/cmd/ci_helpers.go:27.44,29.54 1 0
raioz/cmd/ci_helpers.go:29.54,31.3 1 0
raioz/cmd/ci_helpers.go:34.2,34.55 1 0
raioz/cmd/ci_helpers.go:34.55,36.3 1 0
raioz/cmd/ci_helpers.go:39.2,39.56 1 0
raioz/cmd/ci_helpers.go:39.56,41.3 1 0
raioz/cmd/ci_helpers.go:44.2,44.53 1 0
raioz/cmd/ci_helpers.go:44.53,46.3 1 0
raioz/cmd/ci_helpers.go:49.2,49.60 1 0
raioz/cmd/ci_helpers.go:49.60,51.3 1 0
raioz/cmd/ci_helpers.go:54.2,54.12 1 0
raioz/cmd/ci_helpers.go:58.79,62.48 2 0
raioz/cmd/ci_helpers.go:62.48,63.50 1 0
raioz/cmd/ci_helpers.go:63.50,66.4 1 0
raioz/cmd/ci_helpers.go:70.2,71.68 2 0
raioz/cmd/ci_helpers.go:71.68,73.3 1 0
raioz/cmd/ci_helpers.go:76.2,76.46 1 0
raioz/cmd/ci_helpers.go:76.46,78.3 1 0
raioz/cmd/ci_validations.go:19.9,22.16 3 0
raioz/cmd/ci_validations.go:22.16,30.3 3 0
raioz/cmd/ci_validations.go:32.2,32.24 1 0
raioz/cmd/ci_validations.go:32.24,38.38 2 0
raioz/cmd/ci_validations.go:38.38,46.4 1 0
raioz/cmd/ci_validations.go:47.3,47.47 1 0
raioz/cmd/ci_validations.go:50.2,54.12 2 0
raioz/cmd/ci_validations.go:58.66,59.17 1 0
raioz/cmd/ci_validations.go:59.17,60.56 1 0
raioz/cmd/ci_validations.go:60.56,68.4 3 0
raioz/cmd/ci_validations.go:70.3,73.5 1 0
raioz/cmd/ci_validations.go:74.8,80.3 1 0
raioz/cmd/ci_validations.go:81.2,81.12 1 0
raioz/cmd/ci_validations.go:85.65,87.83 2 0
raioz/cmd/ci_validations.go:87.83,95.3 3 0
raioz/cmd/ci_validations.go:97.2,101.12 2 0
raioz/cmd/ci_validations.go:105.65,107.36 2 0
raioz/cmd/ci_validations.go:107.36,109.3 1 0
raioz/cmd/ci_validations.go:110.2,110.35 1 0
raioz/cmd/ci_validations.go:110.35,112.3 1 0
raioz/cmd/ci_validations.go:114.2,115.16 2 0
raioz/cmd/ci_validations.go:115.16,123.3 3 0
raioz/cmd/ci_validations.go:125.2,126.39 2 0
raioz/cmd/ci_validations.go:126.39,127.70 1 0
raioz/cmd/ci_validations.go:127.70,135.4 3 0
raioz/cmd/ci_validations.go:138.2,138.27 1 0
raioz/cmd/ci_validations.go:138.27,144.3 1 0
raioz/cmd/ci_validations.go:145.2,145.12 1 0
raioz/cmd/ci_validations.go:149.87,150.18 1 0
raioz/cmd/ci_validations.go:150.18,151.40 1 0
raioz/cmd/ci_validations.go:151.40,152.32 1 0
raioz/cmd/ci_validations.go:152.32,153.95 1 0
raioz/cmd/ci_validations.go:153.95,161.6 3 0
raioz/cmd/ci_validations.go:165.3,168.5 1 0
raioz/cmd/ci_validations.go:169.8,175.3 1 0
raioz/cmd/ci_validations.go:176.2,176.12 1 0
raioz/cmd/clean.go:35.54,38.17 2 0
raioz/cmd/clean.go:38.17,40.4 1 0
raioz/cmd/clean.go:42.3,46.16 3 0
raioz/cmd/clean.go:46.16,47.25 1 0
raioz/cmd/clean.go:47.25,49.20 2 0
raioz/cmd/clean.go:49.20,51.6 1 0
raioz/cmd/clean.go:51.11,56.6 1 0
raioz/cmd/clean.go:60.3,63.15 2 0
raioz/cmd/clean.go:63.15,65.18 2 0
raioz/cmd/clean.go:65.18,67.5 1 0
raioz/cmd/clean.go:69.4,71.18 3 0
raioz/cmd/clean.go:71.18,73.5 1 0
raioz/cmd/clean.go:74.4,74.48 1 0
raioz/cmd/clean.go:75.9,77.18 2 0
raioz/cmd/clean.go:77.18,79.5 1 0
raioz/cmd/clean.go:81.4,85.18 4 0
raioz/cmd/clean.go:85.18,87.5 1 0
raioz/cmd/clean.go:88.4,92.48 3 0
raioz/cmd/clean.go:92.48,93.20 1 0
raioz/cmd/clean.go:93.20,95.6 1 0
raioz/cmd/clean.go:95.11,96.49 1 0
raioz/cmd/clean.go:96.49,98.7 1 0
raioz/cmd/clean.go:98.12,100.7 1 0
raioz/cmd/clean.go:106.3,106.18 1 0
raioz/cmd/clean.go:106.18,109.18 3 0
raioz/cmd/clean.go:109.18,111.5 1 0
raioz/cmd/clean.go:112.4,112.46 1 0
raioz/cmd/clean.go:116.3,116.19 1 0
raioz/cmd/clean.go:116.19,120.35 2 0
raioz/cmd/clean.go:120.35,125.19 5 0
raioz/cmd/clean.go:125.19,127.6 1 0
raioz/cmd/clean.go:128.5,129.45 2 0
raioz/cmd/clean.go:129.45,132.6 2 0
raioz/cmd/clean.go:135.4,136.18 2 0
raioz/cmd/clean.go:136.18,138.5 1 0
raioz/cmd/clean.go:139.4,139.47 1 0
raioz/cmd/clean.go:143.3,143.20 1 0
raioz/cmd/clean.go:143.20,146.18 3 0
raioz/cmd/clean.go:146.18,148.5 1 0
raioz/cmd/clean.go:149.4,149.48 1 0
raioz/cmd/clean.go:153.3,153.18 1 0
raioz/cmd/clean.go:153.18,155.4 1 0
raioz/cmd/clean.go:155.9,157.4 1 0
raioz/cmd/clean.go:159.3,159.24 1 0
raioz/cmd/clean.go:159.24,161.4 1 0
raioz/cmd/clean.go:161.9,163.4 1 0
raioz/cmd/clean.go:165.3,165.13 1 0
raioz/cmd/clean.go:169.13,178.2 8 1
raioz/cmd/compare.go:29.54,30.34 1 0
raioz/cmd/compare.go:30.34,37.4 1 0
raioz/cmd/compare.go:40.3,41.17 2 0
raioz/cmd/compare.go:41.17,46.4 1 0
raioz/cmd/compare.go:49.3,49.36 1 0
raioz/cmd/compare.go:49.36,51.4 1 0
raioz/cmd/compare.go:54.3,55.17 2 0
raioz/cmd/compare.go:55.17,60.4 1 0
raioz/cmd/compare.go:63.3,66.24 2 0
raioz/cmd/compare.go:66.24,69.49 3 0
raioz/cmd/compare.go:69.49,74.5 1 0
raioz/cmd/compare.go:75.9,78.4 2 0
raioz/cmd/compare.go:81.3,82.50 2 0
raioz/cmd/compare.go:82.50,83.63 1 0
raioz/cmd/compare.go:83.63,85.10 2 0
raioz/cmd/compare.go:89.3,89.16 1 0
raioz/cmd/compare.go:89.16,96.4 1 0
raioz/cmd/compare.go:98.3,98.13 1 0
raioz/cmd/compare.go:102.13,125.2 4 1
raioz/cmd/dependency_assist.go:19.110,21.70 1 0
raioz/cmd/dependency_assist.go:21.70,23.3 1 0
raioz/cmd/dependency_assist.go:26.2,27.16 2 0
raioz/cmd/dependency_assist.go:27.16,29.3 1 0
raioz/cmd/dependency_assist.go:31.2,31.23 1 0
raioz/cmd/dependency_assist.go:31.23,34.3 1 0
raioz/cmd/dependency_assist.go:37.2,38.30 2 0
raioz/cmd/dependency_assist.go:38.30,40.3 1 0
raioz/cmd/dependency_assist.go:43.2,45.44 3 0
raioz/cmd/dependency_assist.go:45.44,46.32 1 0
raioz/cmd/dependency_assist.go:46.32,49.27 3 0
raioz/cmd/dependency_assist.go:49.27,51.5 1 0
raioz/cmd/dependency_assist.go:52.4,52.30 1 0
raioz/cmd/dependency_assist.go:52.30,58.5 1 0
raioz/cmd/dependency_assist.go:58.10,60.5 1 0
raioz/cmd/dependency_assist.go:61.4,61.17 1 0
raioz/cmd/dependency_assist.go:65.2,65.12 1 0
raioz/cmd/dependency_assist.go:65.12,69.3 2 0
raioz/cmd/dependency_assist.go:72.2,82.30 9 0
raioz/cmd/dependency_assist.go:82.30,84.29 2 0
raioz/cmd/dependency_assist.go:84.29,86.4 1 0
raioz/cmd/dependency_assist.go:86.9,88.4 1 0
raioz/cmd/dependency_assist.go:90.3,91.17 2 0
raioz/cmd/dependency_assist.go:91.17,93.4 1 0
raioz/cmd/dependency_assist.go:95.3,96.18 2 0
raioz/cmd/dependency_assist.go:96.18,98.30 1 0
raioz/cmd/dependency_assist.go:98.30,100.5 1 0
raioz/cmd/dependency_assist.go:100.10,102.5 1 0
raioz/cmd/dependency_assist.go:105.3,106.45 2 0
raioz/cmd/dependency_assist.go:106.45,109.12 3 0
raioz/cmd/dependency_assist.go:112.3,112.17 1 0
raioz/cmd/dependency_assist.go:113.10,115.30 1 0
raioz/cmd/dependency_assist.go:115.30,118.5 2 0
raioz/cmd/dependency_assist.go:118.10,120.5 1 0
raioz/cmd/dependency_assist.go:121.10,123.64 1 0
raioz/cmd/dependency_assist.go:124.10,127.64 2 0
raioz/cmd/dependency_assist.go:132.2,135.28 2 0
raioz/cmd/dependency_assist.go:135.28,137.37 2 0
raioz/cmd/dependency_assist.go:137.37,139.28 1 0
raioz/cmd/dependency_assist.go:139.28,141.5 1 0
raioz/cmd/dependency_assist.go:144.4,150.92 5 0
raioz/cmd/dependency_assist.go:150.92,153.5 1 0
raioz/cmd/dependency_assist.go:155.4,155.82 1 0
raioz/cmd/dependency_assist.go:160.2,160.31 1 0
raioz/cmd/dependency_assist.go:160.31,163.3 2 0
raioz/cmd/dependency_assist.go:165.2,165.33 1 0
raioz/cmd/dependency_assist.go:171.113,173.70 1 0
raioz/cmd/dependency_assist.go:173.70,175.3 1 0
raioz/cmd/dependency_assist.go:177.2,178.16 2 0
raioz/cmd/dependency_assist.go:178.16,180.3 1 0
raioz/cmd/dependency_assist.go:182.2,182.25 1 0
raioz/cmd/dependency_assist.go:182.25,185.3 1 0
raioz/cmd/dependency_assist.go:188.2,190.37 3 0
raioz/cmd/dependency_assist.go:190.37,193.45 3 0
raioz/cmd/dependency_assist.go:193.45,195.4 1 0
raioz/cmd/dependency_assist.go:196.3,196.16 1 0
raioz/cmd/dependency_assist.go:199.2,199.12 1 0
raioz/cmd/dependency_assist.go:199.12,203.3 2 0
raioz/cmd/dependency_assist.go:206.2,216.37 9 0
raioz/cmd/dependency_assist.go:216.37,220.17 3 0
raioz/cmd/dependency_assist.go:220.17,222.4 1 0
raioz/cmd/dependency_assist.go:224.3,225.18 2 0
raioz/cmd/dependency_assist.go:225.18,227.4 1 0
raioz/cmd/dependency_assist.go:229.3,230.45 2 0
raioz/cmd/dependency_assist.go:230.45,232.12 2 0
raioz/cmd/dependency_assist.go:235.3,236.17 2 0
raioz/cmd/dependency_assist.go:237.10,240.83 2 0
raioz/cmd/dependency_assist.go:241.10,243.37 1 0
raioz/cmd/dependency_assist.go:243.37,247.5 3 0
raioz/cmd/dependency_assist.go:248.10,251.84 2 0
raioz/cmd/dependency_assist.go:254.3,254.23 1 0
raioz/cmd/dependency_assist.go:254.23,257.94 2 0
raioz/cmd/dependency_assist.go:257.94,260.5 1 0
raioz/cmd/dependency_assist.go:261.4,261.93 1 0
raioz/cmd/dependency_assist.go:265.2,265.17 1 0
raioz/cmd/dependency_assist.go:265.17,267.3 1 0
raioz/cmd/dependency_assist.go:269.2,269.31 1 0
raioz/cmd/down.go:24.60,26.16 1 0
raioz/cmd/down.go:26.16,27.70 1 0
raioz/cmd/down.go:27.70,29.5 1 0
raioz/cmd/down.go:33.3,36.24 2 0
raioz/cmd/down.go:36.24,38.19 2 0
raioz/cmd/down.go:38.19,40.5 1 0
raioz/cmd/down.go:40.10,48.5 1 0
raioz/cmd/down.go:51.3,52.17 2 0
raioz/cmd/down.go:52.17,60.4 1 0
raioz/cmd/down.go:63.3,64.17 2 0
raioz/cmd/down.go:64.17,66.4 1 0
raioz/cmd/down.go:67.3,70.24 2 0
raioz/cmd/down.go:70.24,78.4 1 0
raioz/cmd/down.go:81.3,82.17 2 0
raioz/cmd/down.go:82.17,90.4 1 0
raioz/cmd/down.go:92.3,95.50 3 0
raioz/cmd/down.go:95.50,104.4 1 0
raioz/cmd/down.go:108.3,112.17 4 0
raioz/cmd/down.go:112.17,115.4 1 0
raioz/cmd/down.go:118.3,119.37 2 0
raioz/cmd/down.go:119.37,120.24 1 0
raioz/cmd/down.go:120.24,122.5 1 0
raioz/cmd/down.go:126.3,127.42 2 0
raioz/cmd/down.go:127.42,129.4 1 0
raioz/cmd/down.go:130.3,130.41 1 0
raioz/cmd/down.go:130.41,132.4 1 0
raioz/cmd/down.go:134.3,135.17 2 0
raioz/cmd/down.go:135.17,136.41 1 0
raioz/cmd/down.go:136.41,138.19 2 0
raioz/cmd/down.go:138.19,140.36 2 0
raioz/cmd/down.go:140.36,141.27 1 0
raioz/cmd/down.go:141.27,143.8 1 0
raioz/cmd/down.go:145.6,145.34 1 0
raioz/cmd/down.go:145.34,148.7 1 0
raioz/cmd/down.go:154.3,155.69 2 0
raioz/cmd/down.go:155.69,163.4 1 0
raioz/cmd/down.go:167.3,167.58 1 0
raioz/cmd/down.go:167.58,170.4 1 0
raioz/cmd/down.go:172.3,175.35 2 0
raioz/cmd/down.go:175.35,178.4 1 0
raioz/cmd/down.go:178.9,181.4 1 0
raioz/cmd/down.go:183.3,183.13 1 0
raioz/cmd/down.go:187.13,190.2 2 1
raioz/cmd/ignore.go:38.54,42.24 2 0
raioz/cmd/ignore.go:42.24,44.4 1 0
raioz/cmd/ignore.go:47.3,48.17 2 0
raioz/cmd/ignore.go:48.17,50.4 1 0
raioz/cmd/ignore.go:52.3,52.16 1 0
raioz/cmd/ignore.go:52.16,55.4 2 0
raioz/cmd/ignore.go:58.3,58.56 1 0
raioz/cmd/ignore.go:58.56,60.4 1 0
raioz/cmd/ignore.go:62.3,67.18 4 0
raioz/cmd/ignore.go:67.18,68.55 1 0
raioz/cmd/ignore.go:68.55,71.42 2 0
raioz/cmd/ignore.go:71.42,72.47 1 0
raioz/cmd/ignore.go:72.47,73.29 1 0
raioz/cmd/ignore.go:73.29,75.13 2 0
raioz/cmd/ignore.go:79.5,79.28 1 0
raioz/cmd/ignore.go:79.28,87.6 1 0
raioz/cmd/ignore.go:91.3,91.13 1 0
raioz/cmd/ignore.go:106.54,111.17 3 0
raioz/cmd/ignore.go:111.17,113.4 1 0
raioz/cmd/ignore.go:115.3,115.17 1 0
raioz/cmd/ignore.go:115.17,118.4 2 0
raioz/cmd/ignore.go:121.3,121.59 1 0
raioz/cmd/ignore.go:121.59,123.4 1 0
raioz/cmd/ignore.go:125.3,128.13 3 0
raioz/cmd/ignore.go:140.54,142.17 2 0
raioz/cmd/ignore.go:142.17,144.4 1 0
raioz/cmd/ignore.go:146.3,146.32 1 0
raioz/cmd/ignore.go:146.32,149.4 2 0
raioz/cmd/ignore.go:151.3,152.40 2 0
raioz/cmd/ignore.go:152.40,154.4 1 0
raioz/cmd/ignore.go:156.3,156.13 1 0
raioz/cmd/ignore.go:160.13,167.2 3 1
raioz/cmd/link.go:44.54,50.17 4 0
raioz/cmd/link.go:50.17,52.4 1 0
raioz/cmd/link.go:55.3,56.17 2 0
raioz/cmd/link.go:56.17,58.4 1 0
raioz/cmd/link.go:61.3,62.17 2 0
raioz/cmd/link.go:62.17,64.4 1 0
raioz/cmd/link.go:67.3,68.14 2 0
raioz/cmd/link.go:68.14,70.4 1 0
raioz/cmd/link.go:73.3,76.52 2 0
raioz/cmd/link.go:76.52,77.20 1 0
raioz/cmd/link.go:77.20,80.19 2 0
raioz/cmd/link.go:80.19,82.6 1 0
raioz/cmd/link.go:83.5,83.18 1 0
raioz/cmd/link.go:83.18,89.6 1 0
raioz/cmd/link.go:91.5,92.19 2 0
raioz/cmd/link.go:92.19,94.6 1 0
raioz/cmd/link.go:95.5,95.37 1 0
raioz/cmd/link.go:95.37,98.6 2 0
raioz/cmd/link.go:99.5,103.6 1 0
raioz/cmd/link.go:108.3,108.71 1 0
raioz/cmd/link.go:108.71,110.4 1 0
raioz/cmd/link.go:112.3,115.13 3 0
raioz/cmd/link.go:134.54,139.17 3 0
raioz/cmd/link.go:139.17,141.4 1 0
raioz/cmd/link.go:144.3,145.17 2 0
raioz/cmd/link.go:145.17,147.4 1 0
raioz/cmd/link.go:150.3,151.14 2 0
raioz/cmd/link.go:151.14,153.4 1 0
raioz/cmd/link.go:156.3,160.17 3 0
raioz/cmd/link.go:160.17,162.4 1 0
raioz/cmd/link.go:164.3,164.16 1 0
raioz/cmd/link.go:164.16,167.4 2 0
raioz/cmd/link.go:170.3,170.54 1 0
raioz/cmd/link.go:170.54,172.4 1 0
raioz/cmd/link.go:174.3,177.13 3 0
raioz/cmd/link.go:189.54,192.17 2 0
raioz/cmd/link.go:192.17,194.4 1 0
raioz/cmd/link.go:197.3,198.17 2 0
raioz/cmd/link.go:198.17,200.4 1 0
raioz/cmd/link.go:202.3,208.40 2 0
raioz/cmd/link.go:208.40,211.18 3 0
raioz/cmd/link.go:211.18,213.13 1 0
raioz/cmd/link.go:215.4,215.16 1 0
raioz/cmd/link.go:215.16,220.5 1 0
raioz/cmd/link.go:223.3,223.31 1 0
raioz/cmd/link.go:223.31,226.4 2 0
raioz/cmd/link.go:228.3,229.41 2 0
raioz/cmd/link.go:229.41,231.4 1 0
raioz/cmd/link.go:233.3,233.13 1 0
raioz/cmd/link.go:237.13,244.2 3 1
raioz/cmd/list.go:27.54,29.17 2 0
raioz/cmd/list.go:29.17,31.4 1 0
raioz/cmd/list.go:33.3,33.15 1 0
raioz/cmd/list.go:33.15,37.54 3 0
raioz/cmd/list.go:37.54,39.5 1 0
raioz/cmd/list.go:40.4,40.14 1 0
raioz/cmd/list.go:44.3,44.43 1 0
raioz/cmd/list.go:44.43,47.4 2 0
raioz/cmd/list.go:49.3,51.58 2 0
raioz/cmd/list.go:51.58,53.15 2 0
raioz/cmd/list.go:53.15,54.13 1 0
raioz/cmd/list.go:57.4,57.13 1 0
raioz/cmd/list.go:57.13,59.5 1 0
raioz/cmd/list.go:61.4,67.38 5 0
raioz/cmd/list.go:67.38,69.47 2 0
raioz/cmd/list.go:69.47,70.33 1 0
raioz/cmd/list.go:70.33,72.7 1 0
raioz/cmd/list.go:74.5,74.100 1 0
raioz/cmd/list.go:78.3,78.13 1 0
raioz/cmd/list.go:82.37,83.16 1 0
raioz/cmd/list.go:83.16,85.3 1 0
raioz/cmd/list.go:86.2,89.24 3 0
raioz/cmd/list.go:89.24,91.3 1 0
raioz/cmd/list.go:92.2,92.22 1 0
raioz/cmd/list.go:92.22,95.3 2 0
raioz/cmd/list.go:96.2,96.25 1 0
raioz/cmd/list.go:96.25,99.3 2 0
raioz/cmd/list.go:100.2,100.27 1 0
raioz/cmd/list.go:100.27,103.3 2 0
raioz/cmd/list.go:105.2,105.40 1 0
raioz/cmd/list.go:108.13,110.2 1 1
raioz/cmd/logs.go:30.54,33.17 2 0
raioz/cmd/logs.go:33.17,35.4 1 0
raioz/cmd/logs.go:37.3,41.24 3 0
raioz/cmd/logs.go:41.24,43.19 2 0
raioz/cmd/logs.go:43.19,45.5 1 0
raioz/cmd/logs.go:45.10,50.5 1 0
raioz/cmd/logs.go:53.3,54.17 2 0
raioz/cmd/logs.go:54.17,56.4 1 0
raioz/cmd/logs.go:59.3,59.24 1 0
raioz/cmd/logs.go:59.24,61.4 1 0
raioz/cmd/logs.go:63.3,68.14 3 0
raioz/cmd/logs.go:68.14,71.18 2 0
raioz/cmd/logs.go:71.18,73.5 1 0
raioz/cmd/logs.go:74.4,74.26 1 0
raioz/cmd/logs.go:75.9,75.27 1 0
raioz/cmd/logs.go:75.27,78.4 1 0
raioz/cmd/logs.go:78.9,81.18 2 0
raioz/cmd/logs.go:81.18,83.5 1 0
raioz/cmd/logs.go:84.4,84.26 1 0
raioz/cmd/logs.go:88.3,95.76 2 0
raioz/cmd/logs.go:95.76,97.4 1 0
raioz/cmd/logs.go:99.3,99.13 1 0
raioz/cmd/logs.go:103.13,109.2 5 1
raioz/cmd/migrate.go:30.54,31.31 1 0
raioz/cmd/migrate.go:31.31,38.4 1 0
raioz/cmd/migrate.go:40.3,40.31 1 0
raioz/cmd/migrate.go:40.31,47.4 1 0
raioz/cmd/migrate.go:50.3,51.17 2 0
raioz/cmd/migrate.go:51.17,56.4 1 0
raioz/cmd/migrate.go:59.3,64.17 2 0
raioz/cmd/migrate.go:64.17,69.4 1 0
raioz/cmd/migrate.go:72.3,76.36 3 0
raioz/cmd/migrate.go:76.36,78.4 1 0
raioz/cmd/migrate.go:81.3,82.17 2 0
raioz/cmd/migrate.go:82.17,87.4 1 0
raioz/cmd/migrate.go:89.3,89.30 1 0
raioz/cmd/migrate.go:89.30,91.4 1 0
raioz/cmd/migrate.go:93.3,93.75 1 0
raioz/cmd/migrate.go:93.75,98.4 1 0
raioz/cmd/migrate.go:100.3,102.24 2 0
raioz/cmd/migrate.go:102.24,104.4 1 0
raioz/cmd/migrate.go:104.9,106.4 1 0
raioz/cmd/migrate.go:108.3,108.13 1 0
raioz/cmd/migrate.go:112.13,143.2 6 1
raioz/cmd/override.go:32.54,35.25 2 0
raioz/cmd/override.go:35.25,37.4 1 0
raioz/cmd/override.go:40.3,41.17 2 0
raioz/cmd/override.go:41.17,43.4 1 0
raioz/cmd/override.go:45.3,45.64 1 0
raioz/cmd/override.go:45.64,47.4 1 0
raioz/cmd/override.go:50.3,51.23 2 0
raioz/cmd/override.go:51.23,53.19 2 0
raioz/cmd/override.go:53.19,55.49 2 0
raioz/cmd/override.go:55.49,63.6 1 0
raioz/cmd/override.go:68.3,69.17 2 0
raioz/cmd/override.go:69.17,71.4 1 0
raioz/cmd/override.go:73.3,73.18 1 0
raioz/cmd/override.go:73.18,75.18 2 0
raioz/cmd/override.go:75.18,77.5 1 0
raioz/cmd/override.go:78.4,85.55 2 0
raioz/cmd/override.go:89.3,95.75 2 0
raioz/cmd/override.go:95.75,97.4 1 0
raioz/cmd/override.go:100.3,100.72 1 0
raioz/cmd/override.go:100.72,103.4 1 0
raioz/cmd/override.go:105.3,113.24 2 0
raioz/cmd/override.go:113.24,120.4 1 0
raioz/cmd/override.go:120.9,122.4 1 0
raioz/cmd/override.go:124.3,124.13 1 0
raioz/cmd/override.go:132.54,134.17 2 0
raioz/cmd/override.go:134.17,136.4 1 0
raioz/cmd/override.go:138.3,138.26 1 0
raioz/cmd/override.go:138.26,141.4 2 0
raioz/cmd/override.go:143.3,145.54 3 0
raioz/cmd/override.go:145.54,148.77 2 0
raioz/cmd/override.go:148.77,150.5 1 0
raioz/cmd/override.go:152.4,156.17 5 0
raioz/cmd/override.go:160.3,161.17 2 0
raioz/cmd/override.go:161.17,163.4 1 0
raioz/cmd/override.go:163.9,163.30 1 0
raioz/cmd/override.go:163.30,165.4 1 0
raioz/cmd/override.go:167.3,167.13 1 0
raioz/cmd/override.go:178.54,182.17 3 0
raioz/cmd/override.go:182.17,184.4 1 0
raioz/cmd/override.go:186.3,186.19 1 0
raioz/cmd/override.go:186.19,188.4 1 0
raioz/cmd/override.go:190.3,190.62 1 0
raioz/cmd/override.go:190.62,192.4 1 0
raioz/cmd/override.go:195.3,195.89 1 0
raioz/cmd/override.go:195.89,198.4 1 0
raioz/cmd/override.go:200.3,203.13 3 0
raioz/cmd/override.go:207.13,211.2 3 1
raioz/cmd/ports.go:18.54,21.24 2 0
raioz/cmd/ports.go:21.24,23.18 2 0
raioz/cmd/ports.go:23.18,25.5 1 0
raioz/cmd/ports.go:29.3,29.20 1 0
raioz/cmd/ports.go:29.20,32.18 3 0
raioz/cmd/ports.go:32.18,34.5 1 0
raioz/cmd/ports.go:38.3,39.17 2 0
raioz/cmd/ports.go:39.17,41.4 1 0
raioz/cmd/ports.go:43.3,43.22 1 0
raioz/cmd/ports.go:43.22,46.4 2 0
raioz/cmd/ports.go:49.3,56.30 6 0
raioz/cmd/ports.go:56.30,58.4 1 0
raioz/cmd/ports.go:60.3,61.13 2 0
raioz/cmd/ports.go:65.13,67.2 1 1
raioz/cmd/root.go:23.16,24.42 1 0
raioz/cmd/root.go:24.42,28.3 2 0
raioz/cmd/root.go:31.13,40.69 4 1
raioz/cmd/root.go:40.69,41.21 1 0
raioz/cmd/root.go:41.21,43.4 1 0
raioz/cmd/root.go:44.3,44.14 1 0
raioz/cmd/root.go:44.14,46.4 1 0
raioz/cmd/root.go:49.2,64.29 16 1
raioz/cmd/status.go:34.54,37.17 2 0
raioz/cmd/status.go:37.17,39.4 1 0
raioz/cmd/status.go:41.3,45.24 3 0
raioz/cmd/status.go:45.24,47.19 2 0
raioz/cmd/status.go:47.19,49.5 1 0
raioz/cmd/status.go:49.10,57.5 1 0
raioz/cmd/status.go:60.3,61.17 2 0
raioz/cmd/status.go:61.17,69.4 1 0
raioz/cmd/status.go:72.3,72.24 1 0
raioz/cmd/status.go:72.24,73.18 1 0
raioz/cmd/status.go:73.18,75.5 1 0
raioz/cmd/status.go:75.10,77.5 1 0
raioz/cmd/status.go:78.4,78.14 1 0
raioz/cmd/status.go:82.3,83.17 2 0
raioz/cmd/status.go:83.17,91.4 1 0
raioz/cmd/status.go:94.3,95.17 2 0
raioz/cmd/status.go:95.17,103.4 1 0
raioz/cmd/status.go:105.3,109.40 3 0
raioz/cmd/status.go:109.40,111.4 1 0
raioz/cmd/status.go:112.3,112.37 1 0
raioz/cmd/status.go:112.37,114.4 1 0
raioz/cmd/status.go:117.3,119.36 3 0
raioz/cmd/status.go:119.36,121.22 2 0
raioz/cmd/status.go:121.22,123.5 1 0
raioz/cmd/status.go:125.3,125.48 1 0
raioz/cmd/status.go:125.48,127.50 1 0
raioz/cmd/status.go:127.50,129.5 1 0
raioz/cmd/status.go:133.3,141.17 2 0
raioz/cmd/status.go:141.17,143.4 1 0
raioz/cmd/status.go:146.3,147.17 2 0
raioz/cmd/status.go:147.17,149.4 1 0
raioz/cmd/status.go:152.3,152.17 1 0
raioz/cmd/status.go:152.17,163.29 2 0
raioz/cmd/status.go:163.29,165.5 1 0
raioz/cmd/status.go:167.4,169.51 3 0
raioz/cmd/status.go:169.51,171.5 1 0
raioz/cmd/status.go:172.9,179.29 4 0
raioz/cmd/status.go:179.29,181.5 1 0
raioz/cmd/status.go:183.4,184.30 2 0
raioz/cmd/status.go:184.30,186.5 1 0
raioz/cmd/status.go:186.10,187.73 1 0
raioz/cmd/status.go:187.73,189.6 1 0
raioz/cmd/status.go:193.4,193.33 1 0
raioz/cmd/status.go:193.33,196.5 2 0
raioz/cmd/status.go:199.3,199.13 1 0
raioz/cmd/status.go:203.13,207.2 3 1
raioz/cmd/up.go:36.60,38.16 1 0
raioz/cmd/up.go:38.16,39.68 1 0
raioz/cmd/up.go:39.68,41.5 1 0
raioz/cmd/up.go:44.3,48.17 3 0
raioz/cmd/up.go:48.17,50.4 1 0
raioz/cmd/up.go:53.3,53.65 1 0
raioz/cmd/up.go:53.65,55.4 1 0
raioz/cmd/up.go:57.3,58.17 2 0
raioz/cmd/up.go:58.17,66.4 1 0
raioz/cmd/up.go:69.3,69.36 1 0
raioz/cmd/up.go:69.36,71.4 1 0
raioz/cmd/up.go:74.3,75.17 2 0
raioz/cmd/up.go:75.17,83.4 1 0
raioz/cmd/up.go:86.3,86.22 1 0
raioz/cmd/up.go:86.22,88.18 2 0
raioz/cmd/up.go:88.18,96.5 1 0
raioz/cmd/up.go:97.4,97.25 1 0
raioz/cmd/up.go:97.25,101.5 2 0
raioz/cmd/up.go:104.3,104.44 1 0
raioz/cmd/up.go:104.44,112.4 1 0
raioz/cmd/up.go:115.3,116.36 2 0
raioz/cmd/up.go:116.36,118.22 2 0
raioz/cmd/up.go:118.22,120.5 1 0
raioz/cmd/up.go:124.3,124.59 1 0
raioz/cmd/up.go:124.59,131.4 1 0
raioz/cmd/up.go:134.3,134.20 1 0
raioz/cmd/up.go:134.20,136.31 2 0
raioz/cmd/up.go:136.31,143.5 1 0
raioz/cmd/up.go:144.4,144.63 1 0
raioz/cmd/up.go:148.3,152.24 5 0
raioz/cmd/up.go:152.24,159.4 1 0
raioz/cmd/up.go:160.3,160.28 1 0
raioz/cmd/up.go:160.28,161.42 1 0
raioz/cmd/up.go:161.42,163.5 1 0
raioz/cmd/up.go:167.3,168.17 2 0
raioz/cmd/up.go:168.17,176.4 1 0
raioz/cmd/up.go:178.3,178.35 1 0
raioz/cmd/up.go:178.35,181.36 2 0
raioz/cmd/up.go:181.36,183.63 2 0
raioz/cmd/up.go:183.63,185.6 1 0
raioz/cmd/up.go:189.4,190.18 2 0
raioz/cmd/up.go:190.18,198.5 1 0
raioz/cmd/up.go:200.4,200.36 1 0
raioz/cmd/up.go:200.36,202.5 1 0
raioz/cmd/up.go:205.3,205.30 1 0
raioz/cmd/up.go:205.30,212.4 1 0
raioz/cmd/up.go:217.3,217.67 1 0
raioz/cmd/up.go:217.67,220.4 1 0
raioz/cmd/up.go:223.3,224.17 2 0
raioz/cmd/up.go:224.17,227.4 1 0
raioz/cmd/up.go:227.9,229.30 2 0
raioz/cmd/up.go:229.30,232.5 2 0
raioz/cmd/up.go:236.3,237.17 2 0
raioz/cmd/up.go:237.17,245.4 1 0
raioz/cmd/up.go:246.3,246.22 1 0
raioz/cmd/up.go:246.22,247.14 1 0
raioz/cmd/up.go:247.14,249.5 1 0
raioz/cmd/up.go:250.4,255.5 1 0
raioz/cmd/up.go:259.3,260.17 2 0
raioz/cmd/up.go:260.17,268.4 1 0
raioz/cmd/up.go:269.3,269.22 1 0
raioz/cmd/up.go:269.22,270.14 1 0
raioz/cmd/up.go:270.14,272.5 1 0
raioz/cmd/up.go:273.4,278.5 1 0
raioz/cmd/up.go:282.3,283.29 2 0
raioz/cmd/up.go:283.29,286.27 2 0
raioz/cmd/up.go:286.27,287.47 1 0
raioz/cmd/up.go:287.47,289.51 1 0
raioz/cmd/up.go:289.51,290.48 1 0
raioz/cmd/up.go:290.48,291.30 1 0
raioz/cmd/up.go:291.30,293.14 2 0
raioz/cmd/up.go:296.7,296.62 1 0
raioz/cmd/up.go:296.62,297.13 1 0
raioz/cmd/up.go:301.6,301.62 1 0
raioz/cmd/up.go:301.62,303.7 1 0
raioz/cmd/up.go:309.3,309.69 1 0
raioz/cmd/up.go:309.69,311.4 1 0
raioz/cmd/up.go:314.3,318.17 3 0
raioz/cmd/up.go:318.17,326.4 1 0
raioz/cmd/up.go:327.3,331.17 3 0
raioz/cmd/up.go:331.17,333.4 1 0
raioz/cmd/up.go:336.3,337.21 2 0
raioz/cmd/up.go:337.21,339.18 2 0
raioz/cmd/up.go:339.18,347.5 1 0
raioz/cmd/up.go:349.4,349.24 1 0
raioz/cmd/up.go:349.24,355.36 4 0
raioz/cmd/up.go:355.36,357.6 1 0
raioz/cmd/up.go:358.5,358.89 1 0
raioz/cmd/up.go:358.89,361.6 1 0
raioz/cmd/up.go:365.5,365.70 1 0
raioz/cmd/up.go:365.70,367.6 1 0
raioz/cmd/up.go:368.5,370.96 3 0
raioz/cmd/up.go:370.96,378.6 1 0
raioz/cmd/up.go:379.10,385.37 3 0
raioz/cmd/up.go:385.37,387.6 1 0
raioz/cmd/up.go:388.5,388.34 1 0
raioz/cmd/up.go:388.34,390.6 1 0
raioz/cmd/up.go:392.5,393.33 2 0
raioz/cmd/up.go:393.33,396.6 2 0
raioz/cmd/up.go:401.3,403.17 3 0
raioz/cmd/up.go:403.17,411.4 1 0
raioz/cmd/up.go:412.3,412.25 1 0
raioz/cmd/up.go:412.25,420.4 1 0
raioz/cmd/up.go:423.3,424.56 2 0
raioz/cmd/up.go:424.56,435.4 2 0
raioz/cmd/up.go:436.3,440.84 3 0
raioz/cmd/up.go:440.84,450.4 2 0
raioz/cmd/up.go:451.3,455.37 3 0
raioz/cmd/up.go:455.37,457.4 1 0
raioz/cmd/up.go:458.3,458.36 1 0
raioz/cmd/up.go:458.36,460.4 1 0
raioz/cmd/up.go:462.3,463.17 2 0
raioz/cmd/up.go:463.17,471.4 1 0
raioz/cmd/up.go:473.3,473.40 1 0
raioz/cmd/up.go:473.40,475.71 2 0
raioz/cmd/up.go:475.71,485.5 2 0
raioz/cmd/up.go:487.3,487.28 1 0
raioz/cmd/up.go:487.28,489.4 1 0
raioz/cmd/up.go:492.3,494.40 3 0
raioz/cmd/up.go:494.40,496.43 1 0
raioz/cmd/up.go:496.43,499.13 3 0
raioz/cmd/up.go:502.4,502.32 1 0
raioz/cmd/up.go:502.32,507.89 4 0
raioz/cmd/up.go:507.89,510.6 2 0
raioz/cmd/up.go:511.5,512.35 2 0
raioz/cmd/up.go:512.35,515.6 2 0
raioz/cmd/up.go:515.11,517.6 1 0
raioz/cmd/up.go:518.10,518.41 1 0
raioz/cmd/up.go:518.41,520.5 1 0
raioz/cmd/up.go:521.4,521.45 1 0
raioz/cmd/up.go:524.3,524.32 1 0
raioz/cmd/up.go:524.32,526.4 1 0
raioz/cmd/up.go:529.3,530.32 2 0
raioz/cmd/up.go:530.32,533.4 2 0
raioz/cmd/up.go:535.3,537.17 3 0
raioz/cmd/up.go:537.17,547.4 2 0
raioz/cmd/up.go:548.3,551.48 3 0
raioz/cmd/up.go:551.48,561.4 2 0
raioz/cmd/up.go:562.3,564.46 2 0
raioz/cmd/up.go:564.46,572.4 1 0
raioz/cmd/up.go:577.3,579.22 3 0
raioz/cmd/up.go:579.22,582.18 2 0
raioz/cmd/up.go:582.18,584.5 1 0
raioz/cmd/up.go:585.4,585.25 1 0
raioz/cmd/up.go:585.25,586.104 1 0
raioz/cmd/up.go:586.104,588.6 1 0
raioz/cmd/up.go:590.9,594.18 3 0
raioz/cmd/up.go:594.18,596.5 1 0
raioz/cmd/up.go:597.4,597.49 1 0
raioz/cmd/up.go:602.3,602.24 1 0
raioz/cmd/up.go:602.24,604.18 2 0
raioz/cmd/up.go:604.18,607.5 1 0
raioz/cmd/up.go:607.10,607.30 1 0
raioz/cmd/up.go:607.30,612.34 2 0
raioz/cmd/up.go:612.34,615.47 2 0
raioz/cmd/up.go:615.47,617.35 2 0
raioz/cmd/up.go:617.35,619.8 1 0
raioz/cmd/up.go:620.7,620.99 1 0
raioz/cmd/up.go:624.6,624.102 1 0
raioz/cmd/up.go:624.102,627.7 1 0
raioz/cmd/up.go:633.3,633.24 1 0
raioz/cmd/up.go:633.24,634.53 1 0
raioz/cmd/up.go:634.53,642.6 1 0
raioz/cmd/up.go:647.3,655.17 2 0
raioz/cmd/up.go:655.17,659.4 2 0
raioz/cmd/up.go:662.3,663.40 2 0
raioz/cmd/up.go:663.40,669.4 1 0
raioz/cmd/up.go:672.3,681.83 3 0
raioz/cmd/up.go:681.83,684.4 1 0
raioz/cmd/up.go:686.3,690.13 4 0
raioz/cmd/up.go:695.66,697.37 2 0
raioz/cmd/up.go:697.37,702.33 2 0
raioz/cmd/up.go:702.33,707.4 1 0
raioz/cmd/up.go:709.2,709.20 1 0
raioz/cmd/up.go:712.13,717.2 4 1
raioz/cmd/version.go:25.54,29.42 3 0
raioz/cmd/version.go:29.42,31.4 1 0
raioz/cmd/version.go:33.3,33.48 1 0
raioz/cmd/version.go:33.48,35.4 1 0
raioz/cmd/version.go:38.3,38.23 1 0
raioz/cmd/version.go:38.23,40.4 1 0
raioz/cmd/version.go:42.3,42.13 1 0
raioz/cmd/workspace.go:39.54,43.26 2 0
raioz/cmd/workspace.go:43.26,45.4 1 0
raioz/cmd/workspace.go:48.3,49.17 2 0
raioz/cmd/workspace.go:49.17,51.4 1 0
raioz/cmd/workspace.go:53.3,53.14 1 0
raioz/cmd/workspace.go:53.14,56.18 2 0
raioz/cmd/workspace.go:56.18,58.5 1 0
raioz/cmd/workspace.go:59.4,60.10 2 0
raioz/cmd/workspace.go:61.9,63.4 1 0
raioz/cmd/workspace.go:66.3,67.17 2 0
raioz/cmd/workspace.go:67.17,69.4 1 0
raioz/cmd/workspace.go:71.3,71.22 1 0
raioz/cmd/workspace.go:71.22,73.18 2 0
raioz/cmd/workspace.go:73.18,75.5 1 0
raioz/cmd/workspace.go:76.4,76.25 1 0
raioz/cmd/workspace.go:76.25,78.5 1 0
raioz/cmd/workspace.go:82.3,85.69 2 0
raioz/cmd/workspace.go:85.69,87.4 1 0
raioz/cmd/workspace.go:90.3,90.36 1 0
raioz/cmd/workspace.go:90.36,91.81 1 0
raioz/cmd/workspace.go:91.81,94.5 1 0
raioz/cmd/workspace.go:97.3,98.13 2 0
raioz/cmd/workspace.go:110.54,113.17 2 0
raioz/cmd/workspace.go:113.17,115.4 1 0
raioz/cmd/workspace.go:118.3,119.17 2 0
raioz/cmd/workspace.go:119.17,121.4 1 0
raioz/cmd/workspace.go:123.3,123.27 1 0
raioz/cmd/workspace.go:123.27,127.4 3 0
raioz/cmd/workspace.go:130.3,131.33 2 0
raioz/cmd/workspace.go:131.33,133.29 2 0
raioz/cmd/workspace.go:133.29,135.5 1 0
raioz/cmd/workspace.go:136.4,137.29 2 0
raioz/cmd/workspace.go:137.29,139.5 1 0
raioz/cmd/workspace.go:140.4,140.17 1 0
raioz/cmd/workspace.go:143.3,143.28 1 0
raioz/cmd/workspace.go:143.28,146.4 2 0
raioz/cmd/workspace.go:148.3,148.13 1 0
raioz/cmd/workspace.go:152.13,158.2 2 1
raioz/internal/path/validate.go:12.53,13.16 1 1
raioz/internal/path/validate.go:13.16,15.3 1 1
raioz/internal/path/validate.go:17.2,17.19 1 1
raioz/internal/path/validate.go:17.19,19.3 1 1
raioz/internal/path/validate.go:22.2,23.16 2 1
raioz/internal/path/validate.go:23.16,25.3 1 0
raioz/internal/path/validate.go:27.2,28.16 2 1
raioz/internal/path/validate.go:28.16,30.3 1 0
raioz/internal/path/validate.go:33.2,38.34 3 1
raioz/internal/path/validate.go:38.34,40.3 1 0
raioz/internal/path/validate.go:44.2,45.16 2 1
raioz/internal/path/validate.go:45.16,47.3 1 0
raioz/internal/path/validate.go:50.2,50.34 1 1
raioz/internal/path/validate.go:50.34,55.3 1 1
raioz/internal/path/validate.go:59.2,60.22 1 1
raioz/internal/path/validate.go:60.22,65.3 1 0
raioz/internal/path/validate.go:67.2,67.12 1 1
raioz/internal/path/validate.go:74.56,75.16 1 1
raioz/internal/path/validate.go:75.16,77.3 1 1
raioz/internal/path/validate.go:80.2,80.36 1 1
raioz/internal/path/validate.go:80.36,82.3 1 1
raioz/internal/path/validate.go:86.2,86.34 1 1
raioz/internal/path/validate.go:86.34,88.3 1 1
raioz/internal/path/validate.go:91.2,91.26 1 1
raioz/internal/path/validate.go:91.26,93.3 1 1
raioz/internal/path/validate.go:96.2,98.21 2 1
raioz/internal/path/validate.go:103.65,106.16 2 1
raioz/internal/path/validate.go:106.16,108.3 1 1
raioz/internal/path/validate.go:111.2,114.62 2 1
raioz/internal/path/validate.go:114.62,116.3 1 1
raioz/internal/path/validate.go:118.2,118.22 1 1
raioz/internal/path/validate.go:123.46,126.16 2 0
raioz/internal/path/validate.go:126.16,128.25 1 0
raioz/internal/path/validate.go:128.25,130.4 1 0
raioz/internal/path/validate.go:131.3,131.56 1 0
raioz/internal/path/validate.go:135.2,135.37 1 0
raioz/internal/path/validate.go:135.37,140.3 1 0
raioz/internal/path/validate.go:142.2,142.12 1 0
raioz/internal/docker/clean.go:25.70,27.2 1 1
raioz/internal/docker/clean.go:30.102,33.56 2 1
raioz/internal/docker/clean.go:33.56,35.3 1 1
raioz/internal/docker/clean.go:38.2,38.57 1 0
raioz/internal/docker/clean.go:38.57,40.3 1 0
raioz/internal/docker/clean.go:42.2,42.12 1 0
raioz/internal/docker/clean.go:42.12,45.3 2 0
raioz/internal/docker/clean.go:48.2,54.16 5 0
raioz/internal/docker/clean.go:54.16,55.50 1 0
raioz/internal/docker/clean.go:55.50,57.4 1 0
raioz/internal/docker/clean.go:58.3,58.94 1 0
raioz/internal/docker/clean.go:62.2,62.70 1 0
raioz/internal/docker/clean.go:62.70,64.3 1 0
raioz/internal/docker/clean.go:66.2,67.21 2 0
raioz/internal/docker/clean.go:71.55,73.2 1 0
raioz/internal/docker/clean.go:76.87,83.12 4 0
raioz/internal/docker/clean.go:83.12,87.17 3 0
raioz/internal/docker/clean.go:87.17,88.51 1 0
raioz/internal/docker/clean.go:88.51,90.5 1 0
raioz/internal/docker/clean.go:91.4,91.71 1 0
raioz/internal/docker/clean.go:94.3,95.30 2 0
raioz/internal/docker/clean.go:95.30,96.17 1 0
raioz/internal/docker/clean.go:96.17,98.5 1 0
raioz/internal/docker/clean.go:101.3,101.42 1 0
raioz/internal/docker/clean.go:101.42,103.4 1 0
raioz/internal/docker/clean.go:105.3,105.22 1 0
raioz/internal/docker/clean.go:109.2,111.16 3 0
raioz/internal/docker/clean.go:111.16,112.50 1 0
raioz/internal/docker/clean.go:112.50,114.4 1 0
raioz/internal/docker/clean.go:115.3,115.93 1 0
raioz/internal/docker/clean.go:118.2,119.21 2 0
raioz/internal/docker/clean.go:123.68,125.2 1 0
raioz/internal/docker/clean.go:128.100,135.12 4 0
raioz/internal/docker/clean.go:135.12,139.17 3 0
raioz/internal/docker/clean.go:139.17,140.51 1 0
raioz/internal/docker/clean.go:140.51,142.5 1 0
raioz/internal/docker/clean.go:143.4,143.72 1 0
raioz/internal/docker/clean.go:146.3,147.31 2 0
raioz/internal/docker/clean.go:147.31,148.17 1 0
raioz/internal/docker/clean.go:148.17,150.5 1 0
raioz/internal/docker/clean.go:153.3,153.44 1 0
raioz/internal/docker/clean.go:153.44,155.4 1 0
raioz/internal/docker/clean.go:157.3,157.22 1 0
raioz/internal/docker/clean.go:160.2,160.12 1 0
raioz/internal/docker/clean.go:160.12,162.3 1 0
raioz/internal/docker/clean.go:165.2,167.16 3 0
raioz/internal/docker/clean.go:167.16,168.50 1 0
raioz/internal/docker/clean.go:168.50,170.4 1 0
raioz/internal/docker/clean.go:171.3,171.94 1 0
raioz/internal/docker/clean.go:174.2,175.21 2 0
raioz/internal/docker/clean.go:179.57,181.2 1 0
raioz/internal/docker/clean.go:184.89,191.12 4 0
raioz/internal/docker/clean.go:191.12,195.17 3 0
raioz/internal/docker/clean.go:195.17,196.51 1 0
raioz/internal/docker/clean.go:196.51,198.5 1 0
raioz/internal/docker/clean.go:199.4,199.73 1 0
raioz/internal/docker/clean.go:202.3,203.32 2 0
raioz/internal/docker/clean.go:203.32,204.17 1 0
raioz/internal/docker/clean.go:204.17,208.19 3 0
raioz/internal/docker/clean.go:208.19,211.6 2 0
raioz/internal/docker/clean.go:215.3,215.46 1 0
raioz/internal/docker/clean.go:215.46,217.4 1 0
raioz/internal/docker/clean.go:219.3,219.22 1 0
raioz/internal/docker/clean.go:223.2,225.16 3 0
raioz/internal/docker/clean.go:225.16,226.50 1 0
raioz/internal/docker/clean.go:226.50,228.4 1 0
raioz/internal/docker/clean.go:229.3,229.95 1 0
raioz/internal/docker/clean.go:232.2,233.21 2 0
raioz/internal/docker/clean.go:237.64,239.58 2 1
raioz/internal/docker/clean.go:239.58,241.3 1 1
raioz/internal/docker/clean.go:243.2,244.16 2 1
raioz/internal/docker/clean.go:244.16,246.3 1 0
raioz/internal/docker/clean.go:248.2,249.32 2 1
raioz/internal/docker/clean.go:249.32,250.20 1 1
raioz/internal/docker/clean.go:250.20,252.4 1 1
raioz/internal/docker/clean.go:255.2,255.24 1 1
raioz/internal/docker/clean.go:259.70,261.2 1 0
raioz/internal/docker/clean.go:264.102,268.16 3 0
raioz/internal/docker/clean.go:268.16,270.3 1 0
raioz/internal/docker/clean.go:272.2,272.26 1 0
raioz/internal/docker/clean.go:272.26,275.3 2 0
raioz/internal/docker/clean.go:277.2,277.32 1 0
raioz/internal/docker/clean.go:277.32,280.17 3 0
raioz/internal/docker/clean.go:280.17,283.12 2 0
raioz/internal/docker/clean.go:285.3,289.47 3 0
raioz/internal/docker/clean.go:289.47,290.14 1 0
raioz/internal/docker/clean.go:290.14,292.5 1 0
raioz/internal/docker/clean.go:292.10,293.48 1 0
raioz/internal/docker/clean.go:293.48,295.6 1 0
raioz/internal/docker/clean.go:295.11,297.6 1 0
raioz/internal/docker/clean.go:302.2,302.21 1 0
raioz/internal/docker/compose.go:15.82,17.54 1 0
raioz/internal/docker/compose.go:17.54,19.3 1 0
raioz/internal/docker/compose.go:22.2,22.46 1 0
raioz/internal/docker/compose.go:22.46,24.3 1 0
raioz/internal/docker/compose.go:27.2,28.36 2 0
raioz/internal/docker/compose.go:28.36,30.3 1 0
raioz/internal/docker/compose.go:31.2,31.35 1 0
raioz/internal/docker/compose.go:31.35,33.3 1 0
raioz/internal/docker/compose.go:36.2,37.16 2 0
raioz/internal/docker/compose.go:37.16,39.3 1 0
raioz/internal/docker/compose.go:44.2,44.39 1 0
raioz/internal/docker/compose.go:44.39,45.47 1 0
raioz/internal/docker/compose.go:45.47,47.4 1 0
raioz/internal/docker/compose.go:50.2,61.27 2 0
raioz/internal/docker/compose.go:61.27,63.40 2 0
raioz/internal/docker/compose.go:63.40,65.4 1 0
raioz/internal/docker/compose.go:66.3,66.34 1 0
raioz/internal/docker/compose.go:69.2,72.39 2 0
raioz/internal/docker/compose.go:72.39,74.42 1 0
raioz/internal/docker/compose.go:74.42,75.12 1 0
raioz/internal/docker/compose.go:78.3,79.17 2 0
raioz/internal/docker/compose.go:79.17,81.4 1 0
raioz/internal/docker/compose.go:83.3,90.34 2 0
raioz/internal/docker/compose.go:90.34,93.4 2 0
raioz/internal/docker/compose.go:96.3,96.36 1 0
raioz/internal/docker/compose.go:96.36,98.4 1 0
raioz/internal/docker/compose.go:100.3,100.31 1 0
raioz/internal/docker/compose.go:100.31,103.18 2 0
raioz/internal/docker/compose.go:103.18,105.5 1 0
raioz/internal/docker/compose.go:108.4,116.40 4 0
raioz/internal/docker/compose.go:117.9,117.40 1 0
raioz/internal/docker/compose.go:117.40,119.28 2 0
raioz/internal/docker/compose.go:119.28,121.5 1 0
raioz/internal/docker/compose.go:122.4,122.34 1 0
raioz/internal/docker/compose.go:126.3,127.17 2 0
raioz/internal/docker/compose.go:127.17,129.4 1 0
raioz/internal/docker/compose.go:130.3,130.24 1 0
raioz/internal/docker/compose.go:130.24,132.4 1 0
raioz/internal/docker/compose.go:136.3,138.33 2 0
raioz/internal/docker/compose.go:142.2,142.38 1 0
raioz/internal/docker/compose.go:142.38,144.22 2 0
raioz/internal/docker/compose.go:144.22,146.4 1 0
raioz/internal/docker/compose.go:149.3,150.17 2 0
raioz/internal/docker/compose.go:150.17,152.4 1 0
raioz/internal/docker/compose.go:154.3,163.25 2 0
raioz/internal/docker/compose.go:163.25,165.18 2 0
raioz/internal/docker/compose.go:165.18,167.5 1 0
raioz/internal/docker/compose.go:168.4,168.25 1 0
raioz/internal/docker/compose.go:168.25,170.5 1 0
raioz/internal/docker/compose.go:173.3,173.31 1 0
raioz/internal/docker/compose.go:177.2,178.16 2 0
raioz/internal/docker/compose.go:178.16,180.3 1 0
raioz/internal/docker/compose.go:183.2,191.66 4 0
raioz/internal/docker/compose.go:191.66,193.3 1 0
raioz/internal/docker/compose.go:195.2,195.18 1 0
raioz/internal/docker/dependencies.go:10.55,15.34 2 1
raioz/internal/docker/dependencies.go:15.34,17.3 1 1
raioz/internal/docker/dependencies.go:20.2,20.39 1 1
raioz/internal/docker/dependencies.go:20.39,21.44 1 1
raioz/internal/docker/dependencies.go:21.44,23.4 1 1
raioz/internal/docker/dependencies.go:27.2,33.46 5 1
raioz/internal/docker/dependencies.go:33.46,35.21 1 1
raioz/internal/docker/dependencies.go:35.21,39.4 2 1
raioz/internal/docker/dependencies.go:42.3,42.20 1 1
raioz/internal/docker/dependencies.go:42.20,44.4 1 1
raioz/internal/docker/dependencies.go:47.3,52.35 4 1
raioz/internal/docker/dependencies.go:52.35,53.22 1 1
raioz/internal/docker/dependencies.go:53.22,55.5 1 1
raioz/internal/docker/dependencies.go:59.3,60.15 2 1
raioz/internal/docker/dependencies.go:64.2,64.26 1 1
raioz/internal/docker/dependencies.go:64.26,65.21 1 1
raioz/internal/docker/dependencies.go:65.21,66.29 1 1
raioz/internal/docker/dependencies.go:66.29,71.5 1 1
raioz/internal/docker/dependencies.go:75.2,75.12 1 1
raioz/internal/docker/dependencies.go:79.63,82.28 2 1
raioz/internal/docker/dependencies.go:82.28,83.24 1 1
raioz/internal/docker/dependencies.go:83.24,85.9 2 1
raioz/internal/docker/dependencies.go:89.2,89.22 1 1
raioz/internal/docker/dependencies.go:89.22,91.3 1 0
raioz/internal/docker/dependencies.go:94.2,97.14 3 1
raioz/internal/docker/dependencies.go:101.41,102.21 1 1
raioz/internal/docker/dependencies.go:102.21,104.3 1 0
raioz/internal/docker/dependencies.go:106.2,106.21 1 1
raioz/internal/docker/dependencies.go:106.21,108.3 1 0
raioz/internal/docker/dependencies.go:110.2,111.34 2 1
raioz/internal/docker/dependencies.go:111.34,113.3 1 1
raioz/internal/docker/dependencies.go:115.2,115.15 1 1
raioz/internal/docker/dependencies.go:119.60,122.34 2 1
raioz/internal/docker/dependencies.go:122.34,124.3 1 1
raioz/internal/docker/dependencies.go:126.2,126.31 1 1
raioz/internal/docker/dependencies.go:126.31,128.3 1 1
raioz/internal/docker/dependencies.go:130.2,130.14 1 1
raioz/internal/docker/dockerfile.go:15.78,18.16 2 1
raioz/internal/docker/dockerfile.go:18.16,20.3 1 0
raioz/internal/docker/dockerfile.go:22.2,23.16 2 1
raioz/internal/docker/dockerfile.go:23.16,24.25 1 1
raioz/internal/docker/dockerfile.go:24.25,26.4 1 1
raioz/internal/docker/dockerfile.go:27.3,27.66 1 0
raioz/internal/docker/dockerfile.go:29.2,29.18 1 1
raioz/internal/docker/dockerfile.go:38.19,59.83 4 1
raioz/internal/docker/dockerfile.go:59.83,61.3 1 0
raioz/internal/docker/dockerfile.go:63.2,63.25 1 1
raioz/internal/docker/dockerfile.go:67.52,68.34 1 1
raioz/internal/docker/dockerfile.go:69.44,70.26 1 1
raioz/internal/docker/dockerfile.go:71.22,72.30 1 1
raioz/internal/docker/dockerfile.go:73.22,74.30 1 1
raioz/internal/docker/dockerfile.go:75.14,76.29 1 1
raioz/internal/docker/dockerfile.go:77.14,78.28 1 1
raioz/internal/docker/dockerfile.go:79.10,81.26 1 1
raioz/internal/docker/dockerfile.go:86.47,87.34 1 1
raioz/internal/docker/dockerfile.go:88.44,89.60 1 1
raioz/internal/docker/dockerfile.go:90.22,91.58 1 0
raioz/internal/docker/dockerfile.go:92.22,93.84 1 0
raioz/internal/docker/dockerfile.go:94.14,95.77 1 0
raioz/internal/docker/dockerfile.go:96.14,97.66 1 0
raioz/internal/docker/dockerfile.go:98.10,99.60 1 0
raioz/internal/docker/dockerfile.go:109.19,110.30 1 1
raioz/internal/docker/dockerfile.go:110.30,112.3 1 0
raioz/internal/docker/dockerfile.go:114.2,119.16 4 1
raioz/internal/docker/dockerfile.go:119.16,121.3 1 0
raioz/internal/docker/dockerfile.go:123.2,123.12 1 1
raioz/internal/docker/dockerfile.go:123.12,126.3 1 1
raioz/internal/docker/dockerfile.go:129.2,129.30 1 1
raioz/internal/docker/dockerfile.go:129.30,135.3 1 1
raioz/internal/docker/dockerfile.go:138.2,139.16 2 1
raioz/internal/docker/dockerfile.go:139.16,141.3 1 0
raioz/internal/docker/dockerfile.go:144.2,144.25 1 1
raioz/internal/docker/format.go:21.43,22.16 1 0
raioz/internal/docker/format.go:23.17,24.42 1 0
raioz/internal/docker/format.go:25.17,26.40 1 0
raioz/internal/docker/format.go:27.10,28.16 1 0
raioz/internal/docker/format.go:33.43,34.16 1 0
raioz/internal/docker/format.go:35.17,36.42 1 0
raioz/internal/docker/format.go:37.19,38.40 1 0
raioz/internal/docker/format.go:39.18,40.43 1 0
raioz/internal/docker/format.go:41.14,42.40 1 0
raioz/internal/docker/format.go:43.10,44.16 1 0
raioz/internal/docker/format.go:49.81,50.16 1 0
raioz/internal/docker/format.go:50.16,53.3 1 0
raioz/internal/docker/format.go:55.2,68.32 6 0
raioz/internal/docker/format.go:68.32,74.24 4 0
raioz/internal/docker/format.go:74.24,76.4 1 0
raioz/internal/docker/format.go:78.3,79.21 2 0
raioz/internal/docker/format.go:79.21,81.4 1 0
raioz/internal/docker/format.go:83.3,84.24 2 0
raioz/internal/docker/format.go:84.24,86.4 1 0
raioz/internal/docker/format.go:88.3,89.25 2 0
raioz/internal/docker/format.go:89.25,91.4 1 0
raioz/internal/docker/format.go:93.3,94.29 2 0
raioz/internal/docker/format.go:94.29,97.4 1 0
raioz/internal/docker/format.go:100.3,101.18 2 0
raioz/internal/docker/format.go:101.18,103.4 1 0
raioz/internal/docker/format.go:105.3,116.4 1 0
raioz/internal/docker/format.go:119.2,119.12 1 0
raioz/internal/docker/format.go:123.40,126.58 2 0
raioz/internal/docker/format.go:126.58,128.3 1 0
raioz/internal/docker/format.go:131.2,132.64 2 0
raioz/internal/docker/format.go:132.64,134.3 1 0
raioz/internal/docker/format.go:137.2,137.23 1 0
raioz/internal/docker/format.go:137.23,139.3 1 0
raioz/internal/docker/format.go:140.2,140.16 1 0
raioz/internal/docker/images.go:16.46,18.2 1 0
raioz/internal/docker/images.go:21.78,29.16 5 1
raioz/internal/docker/images.go:29.16,30.49 1 0
raioz/internal/docker/images.go:30.49,31.33 1 0
raioz/internal/docker/images.go:31.33,34.5 1 0
raioz/internal/docker/images.go:36.3,36.50 1 0
raioz/internal/docker/images.go:36.50,38.4 1 0
raioz/internal/docker/images.go:39.3,39.63 1 0
raioz/internal/docker/images.go:42.2,42.18 1 1
raioz/internal/docker/images.go:46.36,48.2 1 0
raioz/internal/docker/images.go:51.68,64.2 8 0
raioz/internal/docker/images.go:67.38,69.2 1 0
raioz/internal/docker/images.go:72.70,74.16 2 1
raioz/internal/docker/images.go:74.16,76.3 1 0
raioz/internal/docker/images.go:78.2,78.12 1 1
raioz/internal/docker/images.go:78.12,80.3 1 1
raioz/internal/docker/images.go:83.2,83.57 1 0
raioz/internal/docker/images.go:83.57,85.3 1 0
raioz/internal/docker/images.go:87.2,87.12 1 0
raioz/internal/docker/images.go:91.54,92.15 1 1
raioz/internal/docker/images.go:92.15,94.3 1 1
raioz/internal/docker/images.go:95.2,95.41 1 1
raioz/internal/docker/images.go:99.53,101.2 1 1
raioz/internal/docker/images.go:104.85,105.39 1 1
raioz/internal/docker/images.go:105.39,106.33 1 1
raioz/internal/docker/images.go:106.33,108.61 2 1
raioz/internal/docker/images.go:108.61,110.5 1 0
raioz/internal/docker/images.go:113.2,113.12 1 1
raioz/internal/docker/images.go:117.51,119.2 1 1
raioz/internal/docker/images.go:122.83,123.38 1 1
raioz/internal/docker/images.go:123.38,125.60 2 1
raioz/internal/docker/images.go:125.60,127.4 1 0
raioz/internal/docker/images.go:129.2,129.12 1 1
raioz/internal/docker/images.go:133.49,135.2 1 1
raioz/internal/docker/images.go:138.81,140.68 1 1
raioz/internal/docker/images.go:140.68,142.3 1 0
raioz/internal/docker/images.go:145.2,145.66 1 1
raioz/internal/docker/images.go:145.66,147.3 1 0
raioz/internal/docker/images.go:149.2,149.12 1 1
raioz/internal/docker/images.go:153.60,155.2 1 0
raioz/internal/docker/images.go:158.92,166.16 5 0
raioz/internal/docker/images.go:166.16,167.50 1 0
raioz/internal/docker/images.go:167.50,169.4 1 0
raioz/internal/docker/images.go:170.3,170.61 1 0
raioz/internal/docker/images.go:173.2,176.21 3 0
raioz/internal/docker/images.go:176.21,178.3 1 0
raioz/internal/docker/images.go:179.2,179.21 1 0
raioz/internal/docker/images.go:179.21,181.3 1 0
raioz/internal/docker/images.go:182.2,182.21 1 0
raioz/internal/docker/images.go:182.21,184.3 1 0
raioz/internal/docker/images.go:186.2,186.18 1 0
raioz/internal/docker/inspect.go:49.79,51.2 1 1
raioz/internal/docker/inspect.go:54.111,56.57 1 1
raioz/internal/docker/inspect.go:56.57,58.3 1 0
raioz/internal/docker/inspect.go:61.2,70.16 5 1
raioz/internal/docker/inspect.go:70.16,71.50 1 1
raioz/internal/docker/inspect.go:71.50,73.4 1 0
raioz/internal/docker/inspect.go:74.3,74.65 1 1
raioz/internal/docker/inspect.go:77.2,78.23 2 0
raioz/internal/docker/inspect.go:78.23,80.3 1 0
raioz/internal/docker/inspect.go:83.2,85.16 3 0
raioz/internal/docker/inspect.go:85.16,86.50 1 0
raioz/internal/docker/inspect.go:86.50,88.4 1 0
raioz/internal/docker/inspect.go:89.3,89.65 1 0
raioz/internal/docker/inspect.go:92.2,96.18 3 0
raioz/internal/docker/inspect.go:106.25,108.2 1 0
raioz/internal/docker/inspect.go:118.25,127.39 3 0
raioz/internal/docker/inspect.go:127.39,130.3 1 0
raioz/internal/docker/inspect.go:132.2,141.16 6 0
raioz/internal/docker/inspect.go:141.16,143.50 1 0
raioz/internal/docker/inspect.go:143.50,146.4 1 0
raioz/internal/docker/inspect.go:147.3,147.19 1 0
raioz/internal/docker/inspect.go:150.2,151.86 2 0
raioz/internal/docker/inspect.go:151.86,153.3 1 0
raioz/internal/docker/inspect.go:155.2,158.33 2 0
raioz/internal/docker/inspect.go:158.33,160.3 1 0
raioz/internal/docker/inspect.go:160.8,162.3 1 0
raioz/internal/docker/inspect.go:165.2,165.35 1 0
raioz/internal/docker/inspect.go:165.35,167.17 2 0
raioz/internal/docker/inspect.go:167.17,170.4 2 0
raioz/internal/docker/inspect.go:174.2,177.25 2 0
raioz/internal/docker/inspect.go:177.25,179.21 2 0
raioz/internal/docker/inspect.go:179.21,181.24 2 0
raioz/internal/docker/inspect.go:181.24,183.5 1 0
raioz/internal/docker/inspect.go:183.10,185.5 1 0
raioz/internal/docker/inspect.go:190.2,191.16 2 0
raioz/internal/docker/inspect.go:191.16,194.3 2 0
raioz/internal/docker/inspect.go:197.3,197.58 1 0
raioz/internal/docker/inspect.go:197.58,202.30 3 0
raioz/internal/docker/inspect.go:202.30,205.5 2 0
raioz/internal/docker/inspect.go:208.4,211.69 3 0
raioz/internal/docker/inspect.go:211.69,214.72 2 0
raioz/internal/docker/inspect.go:214.72,216.6 1 0
raioz/internal/docker/inspect.go:221.2,221.61 1 0
raioz/internal/docker/inspect.go:221.61,223.17 2 0
raioz/internal/docker/inspect.go:223.17,225.4 1 0
raioz/internal/docker/inspect.go:228.2,228.18 1 0
raioz/internal/docker/inspect.go:238.36,240.2 1 0
raioz/internal/docker/inspect.go:250.36,253.36 2 0
raioz/internal/docker/inspect.go:253.36,255.34 2 0
raioz/internal/docker/inspect.go:255.34,257.4 1 0
raioz/internal/docker/inspect.go:259.3,260.17 2 0
raioz/internal/docker/inspect.go:260.17,262.12 1 0
raioz/internal/docker/inspect.go:264.3,264.22 1 0
raioz/internal/docker/inspect.go:267.2,267.20 1 0
raioz/internal/docker/inspect.go:271.43,276.14 4 0
raioz/internal/docker/inspect.go:276.14,278.3 1 0
raioz/internal/docker/inspect.go:279.2,279.15 1 0
raioz/internal/docker/inspect.go:279.15,281.3 1 0
raioz/internal/docker/inspect.go:282.2,282.36 1 0
raioz/internal/docker/inspect.go:286.69,288.2 1 0
raioz/internal/docker/inspect.go:291.101,304.16 5 0
raioz/internal/docker/inspect.go:304.16,305.50 1 0
raioz/internal/docker/inspect.go:305.50,307.4 1 0
raioz/internal/docker/inspect.go:308.3,308.21 1 0
raioz/internal/docker/inspect.go:311.2,312.21 2 0
raioz/internal/docker/inspect.go:312.21,314.3 1 0
raioz/internal/docker/inspect.go:316.2,321.24 4 0
raioz/internal/docker/inspect.go:321.24,323.3 1 0
raioz/internal/docker/inspect.go:325.2,325.25 1 0
raioz/internal/docker/logs.go:22.59,24.2 1 1
raioz/internal/docker/logs.go:27.91,29.56 1 1
raioz/internal/docker/logs.go:29.56,31.3 1 1
raioz/internal/docker/logs.go:34.2,34.57 1 0
raioz/internal/docker/logs.go:34.57,36.3 1 0
raioz/internal/docker/logs.go:39.2,41.17 3 0
raioz/internal/docker/logs.go:41.17,44.19 2 0
raioz/internal/docker/logs.go:44.20,44.21 0 0
raioz/internal/docker/logs.go:45.8,48.3 2 0
raioz/internal/docker/logs.go:51.2,54.17 2 0
raioz/internal/docker/logs.go:54.17,56.3 1 0
raioz/internal/docker/logs.go:59.2,59.19 1 0
raioz/internal/docker/logs.go:59.19,61.3 1 0
raioz/internal/docker/logs.go:61.8,61.25 1 0
raioz/internal/docker/logs.go:61.25,64.3 1 0
raioz/internal/docker/logs.go:67.2,67.28 1 0
raioz/internal/docker/logs.go:67.28,69.3 1 0
raioz/internal/docker/logs.go:72.2,77.18 5 0
raioz/internal/docker/logs.go:77.18,79.3 1 0
raioz/internal/docker/logs.go:80.2,80.12 1 0
raioz/internal/docker/logs.go:84.65,86.2 1 1
raioz/internal/docker/logs.go:89.97,90.56 1 1
raioz/internal/docker/logs.go:90.56,92.3 1 1
raioz/internal/docker/logs.go:95.2,95.57 1 0
raioz/internal/docker/logs.go:95.57,97.3 1 0
raioz/internal/docker/logs.go:100.2,105.16 5 0
raioz/internal/docker/logs.go:105.16,106.50 1 0
raioz/internal/docker/logs.go:106.50,108.4 1 0
raioz/internal/docker/logs.go:109.3,109.60 1 0
raioz/internal/docker/logs.go:112.2,114.29 3 0
raioz/internal/docker/logs.go:114.29,116.17 2 0
raioz/internal/docker/logs.go:116.17,118.4 1 0
raioz/internal/docker/logs.go:121.2,121.22 1 0
raioz/internal/docker/mode.go:15.63,16.20 1 1
raioz/internal/docker/mode.go:16.20,19.31 2 1
raioz/internal/docker/mode.go:19.31,20.17 1 1
raioz/internal/docker/mode.go:20.17,21.13 1 0
raioz/internal/docker/mode.go:24.4,25.18 2 1
raioz/internal/docker/mode.go:25.18,28.13 2 0
raioz/internal/docker/mode.go:33.4,33.72 1 1
[...]
raioz/internal/infra/docker/runner_impl.go:32.59,34.2 1 0
raioz/internal/infra/docker/runner_impl.go:37.91,39.2 1 0
raioz/internal/infra/docker/runner_impl.go:42.93,44.2 1 0
raioz/internal/infra/docker/runner_impl.go:47.125,49.2 1 0
raioz/internal/production/compare.go:12.83,22.35 3 0
raioz/internal/production/compare.go:22.35,24.3 1 0
raioz/internal/production/compare.go:26.2,28.36 3 0
raioz/internal/production/compare.go:28.36,30.3 1 0
raioz/internal/production/compare.go:33.2,33.34 1 0
raioz/internal/production/compare.go:33.34,37.14 3 0
raioz/internal/production/compare.go:37.14,43.12 2 0
raioz/internal/production/compare.go:46.3,47.18 2 0
raioz/internal/production/compare.go:47.18,49.4 1 0
raioz/internal/production/compare.go:53.2,53.35 1 0
raioz/internal/production/compare.go:53.35,54.27 1 0
raioz/internal/production/compare.go:54.27,60.4 1 0
raioz/internal/production/compare.go:64.2,67.60 2 0
raioz/internal/production/compare.go:67.60,69.3 1 0
raioz/internal/production/compare.go:71.2,71.58 1 0
raioz/internal/production/compare.go:71.58,73.3 1 0
raioz/internal/production/compare.go:75.2,75.15 1 0
raioz/internal/production/compare.go:79.101,86.34 2 0
raioz/internal/production/compare.go:86.34,90.69 3 0
raioz/internal/production/compare.go:90.69,97.35 2 0
raioz/internal/production/compare.go:97.35,99.5 1 0
raioz/internal/production/compare.go:104.2,105.23 2 0
raioz/internal/production/compare.go:105.23,107.3 1 0
raioz/internal/production/compare.go:108.2,110.40 2 0
raioz/internal/production/compare.go:110.40,116.3 2 0
raioz/internal/production/compare.go:119.2,120.25 2 0
raioz/internal/production/compare.go:120.25,122.3 1 0
raioz/internal/production/compare.go:123.2,124.24 2 0
raioz/internal/production/compare.go:124.24,126.3 1 0
raioz/internal/production/compare.go:128.2,128.46 1 0
raioz/internal/production/compare.go:128.46,134.3 2 0
raioz/internal/production/compare.go:137.2,138.25 2 0
raioz/internal/production/compare.go:138.25,140.3 1 0
raioz/internal/production/compare.go:141.2,143.46 2 0
raioz/internal/production/compare.go:143.46,149.3 2 0
raioz/internal/production/compare.go:152.2,153.61 1 0
raioz/internal/production/compare.go:153.61,155.3 1 0
raioz/internal/production/compare.go:157.2,157.13 1 0
raioz/internal/production/compare.go:161.89,163.32 2 0
raioz/internal/production/compare.go:163.32,165.3 1 0
raioz/internal/production/compare.go:167.2,169.40 3 0
raioz/internal/production/compare.go:169.40,171.3 1 0
raioz/internal/production/compare.go:174.2,174.31 1 0
raioz/internal/production/compare.go:174.31,178.14 3 0
raioz/internal/production/compare.go:178.14,184.12 2 0
raioz/internal/production/compare.go:187.3,196.61 4 0
raioz/internal/production/compare.go:196.61,203.31 2 0
raioz/internal/production/compare.go:203.31,205.5 1 0
raioz/internal/production/compare.go:209.3,210.24 2 0
raioz/internal/production/compare.go:210.24,212.4 1 0
raioz/internal/production/compare.go:213.3,215.41 2 0
raioz/internal/production/compare.go:215.41,221.4 2 0
raioz/internal/production/compare.go:224.3,224.60 1 0
raioz/internal/production/compare.go:224.60,226.4 1 0
raioz/internal/production/compare.go:230.2,230.35 1 0
raioz/internal/production/compare.go:230.35,231.24 1 0
raioz/internal/production/compare.go:231.24,233.28 1 0
raioz/internal/production/compare.go:233.28,239.5 1 0
raioz/internal/production/compare.go:246.62,249.28 2 0
raioz/internal/production/compare.go:249.28,251.37 2 0
raioz/internal/production/compare.go:251.37,253.4 1 0
raioz/internal/production/compare.go:256.2,256.40 1 0
raioz/internal/production/compare.go:256.40,258.50 2 0
raioz/internal/production/compare.go:258.50,261.24 2 0
raioz/internal/production/compare.go:261.24,263.5 1 0
raioz/internal/production/compare.go:264.4,264.29 1 0
raioz/internal/production/compare.go:264.29,266.5 1 0
raioz/internal/production/compare.go:268.4,268.33 1 0
raioz/internal/production/compare.go:268.33,272.66 4 0
raioz/internal/production/compare.go:272.66,275.6 1 0
raioz/internal/production/compare.go:278.4,278.32 1 0
raioz/internal/production/compare.go:278.32,282.5 3 0
raioz/internal/production/compare.go:284.4,284.35 1 0
raioz/internal/production/compare.go:284.35,288.5 3 0
raioz/internal/production/compare.go:290.4,290.34 1 0
raioz/internal/production/compare.go:290.34,294.5 3 0
raioz/internal/production/compare.go:298.2,298.38 1 0
raioz/internal/production/compare.go:298.38,300.48 2 0
raioz/internal/production/compare.go:300.48,303.24 2 0
raioz/internal/production/compare.go:303.24,305.5 1 0
raioz/internal/production/compare.go:306.4,306.29 1 0
raioz/internal/production/compare.go:306.29,308.5 1 0
raioz/internal/production/compare.go:310.4,310.33 1 0
raioz/internal/production/compare.go:310.33,314.5 3 0
raioz/internal/production/compare.go:316.4,316.32 1 0
raioz/internal/production/compare.go:316.32,320.5 3 0
raioz/internal/production/compare.go:324.2,324.30 1 0
raioz/internal/production/compare.go:324.30,326.43 2 0
raioz/internal/production/compare.go:326.43,328.4 1 0
raioz/internal/production/compare.go:331.2,332.56 1 0
raioz/internal/production/compare.go:332.56,334.3 1 0
raioz/internal/production/compare.go:336.2,336.20 1 0
raioz/internal/production/compose.go:13.62,15.16 2 0
raioz/internal/production/compose.go:15.16,17.3 1 0
raioz/internal/production/compose.go:19.2,20.54 2 0
raioz/internal/production/compose.go:20.54,22.3 1 0
raioz/internal/production/compose.go:24.2,24.28 1 0
raioz/internal/production/compose.go:24.28,26.3 1 0
raioz/internal/production/compose.go:28.2,28.21 1 0
raioz/internal/production/compose.go:32.46,33.18 1 0
raioz/internal/production/compose.go:33.18,35.3 1 0
raioz/internal/production/compose.go:37.2,38.29 2 0
raioz/internal/production/compose.go:38.29,41.22 2 0
raioz/internal/production/compose.go:41.22,48.4 4 0
raioz/internal/production/compose.go:48.9,50.4 1 0
raioz/internal/production/compose.go:53.2,53.19 1 0
raioz/internal/production/compose.go:57.53,58.22 1 0
raioz/internal/production/compose.go:58.22,60.3 1 0
raioz/internal/production/compose.go:62.2,64.31 2 0
raioz/internal/production/compose.go:65.21,66.25 1 0
raioz/internal/production/compose.go:66.25,67.27 1 0
raioz/internal/production/compose.go:68.16,69.27 1 0
raioz/internal/production/compose.go:70.32,72.32 1 0
raioz/internal/production/compose.go:72.32,74.6 1 0
raioz/internal/production/compose.go:77.16,78.11 1 0
raioz/internal/production/compose.go:79.30,81.30 1 0
raioz/internal/production/compose.go:81.30,83.4 1 0
raioz/internal/production/compose.go:86.2,86.13 1 0
raioz/internal/production/compose.go:90.62,91.20 1 0
raioz/internal/production/compose.go:91.20,93.3 1 0
raioz/internal/production/compose.go:96.2,97.21 2 0
raioz/internal/production/compose.go:97.21,100.3 2 0
raioz/internal/production/compose.go:100.8,103.3 2 0
raioz/internal/production/compose.go:105.2,105.19 1 0
raioz/internal/production/compose.go:109.61,112.2 2 0
raioz/internal/production/compose.go:115.56,117.32 2 0
raioz/internal/production/compose.go:117.32,119.3 1 0
raioz/internal/production/compose.go:120.2,120.14 1 0
raioz/internal/production/compose.go:124.69,125.32 1 0
raioz/internal/production/compose.go:125.32,127.3 1 0
raioz/internal/production/compose.go:129.2,130.46 2 0
raioz/internal/production/diff_helpers.go:10.37,11.22 1 0
raioz/internal/production/diff_helpers.go:11.22,13.3 1 0
raioz/internal/production/diff_helpers.go:15.2,18.19 3 0
raioz/internal/production/diff_helpers.go:18.19,19.19 1 0
raioz/internal/production/diff_helpers.go:19.19,21.4 1 0
raioz/internal/production/diff_helpers.go:24.2,24.13 1 0
raioz/internal/production/diff_helpers.go:27.39,28.22 1 0
raioz/internal/production/diff_helpers.go:28.22,30.3 1 0
raioz/internal/production/diff_helpers.go:32.2,35.19 3 0
raioz/internal/production/diff_helpers.go:35.19,36.53 1 0
raioz/internal/production/diff_helpers.go:36.53,38.4 1 0
raioz/internal/production/diff_helpers.go:41.2,41.13 1 0
raioz/internal/production/diff_helpers.go:44.41,48.34 2 0
raioz/internal/production/diff_helpers.go:48.34,50.3 1 0
raioz/internal/production/diff_helpers.go:51.2,51.12 1 0
raioz/internal/production/diff_helpers.go:54.39,55.22 1 0
raioz/internal/production/diff_helpers.go:55.22,57.3 1 0
raioz/internal/production/diff_helpers.go:59.2,62.19 3 0
raioz/internal/production/diff_helpers.go:62.19,63.19 1 0
raioz/internal/production/diff_helpers.go:63.19,65.4 1 0
raioz/internal/production/diff_helpers.go:68.2,68.13 1 0
raioz/internal/production/diff_helpers.go:71.39,74.40 3 0
raioz/internal/production/diff_helpers.go:74.40,75.43 1 0
raioz/internal/production/diff_helpers.go:75.43,77.4 1 0
raioz/internal/production/diff_helpers.go:79.2,79.14 1 0
raioz/internal/production/migrate.go:15.25,16.23 1 0
raioz/internal/production/migrate.go:16.23,18.3 1 0
raioz/internal/production/migrate.go:19.2,19.23 1 0
raioz/internal/production/migrate.go:19.23,21.3 1 0
raioz/internal/production/migrate.go:23.2,38.43 2 0
raioz/internal/production/migrate.go:38.43,39.27 1 0
raioz/internal/production/migrate.go:39.27,53.30 5 0
raioz/internal/production/migrate.go:53.30,55.5 1 0
raioz/internal/production/migrate.go:57.4,57.32 1 0
raioz/internal/production/migrate.go:57.32,59.5 1 0
raioz/internal/production/migrate.go:61.4,61.28 1 0
raioz/internal/production/migrate.go:62.9,82.30 6 0
raioz/internal/production/migrate.go:82.30,84.5 1 0
raioz/internal/production/migrate.go:86.4,86.32 1 0
raioz/internal/production/migrate.go:86.32,88.5 1 0
raioz/internal/production/migrate.go:90.4,91.24 2 0
raioz/internal/production/migrate.go:91.24,93.5 1 0
raioz/internal/production/migrate.go:95.4,95.29 1 0
raioz/internal/production/migrate.go:99.2,99.18 1 0
raioz/internal/production/migrate.go:103.55,107.33 2 0
raioz/internal/production/migrate.go:107.33,109.3 1 0
raioz/internal/production/migrate.go:111.2,111.29 1 0
raioz/internal/production/migrate.go:111.29,113.3 1 0
raioz/internal/production/migrate.go:115.2,115.32 1 0
raioz/internal/production/migrate.go:115.32,117.3 1 0
raioz/internal/production/migrate.go:120.2,120.39 1 0
raioz/internal/production/migrate.go:120.39,121.28 1 0
raioz/internal/production/migrate.go:121.28,123.4 1 0
raioz/internal/production/migrate.go:125.3,125.33 1 0
raioz/internal/production/migrate.go:125.33,126.30 1 0
raioz/internal/production/migrate.go:126.30,128.5 1 0
raioz/internal/production/migrate.go:129.4,129.28 1 0
raioz/internal/production/migrate.go:129.28,132.5 2 0
raioz/internal/production/migrate.go:135.3,135.28 1 0
raioz/internal/production/migrate.go:135.28,138.4 2 0
raioz/internal/production/migrate.go:138.9,138.67 1 0
raioz/internal/production/migrate.go:138.67,141.4 2 0
raioz/internal/production/migrate.go:144.3,144.44 1 0
raioz/internal/production/migrate.go:144.44,145.48 1 0
raioz/internal/production/migrate.go:145.48,146.46 1 0
raioz/internal/production/migrate.go:146.46,149.6 1 0
raioz/internal/production/migrate.go:155.2,155.38 1 0
raioz/internal/production/migrate.go:155.38,156.24 1 0
raioz/internal/production/migrate.go:156.24,158.4 1 0
raioz/internal/production/migrate.go:159.3,159.22 1 0
raioz/internal/production/migrate.go:159.22,161.4 1 0
raioz/internal/production/migrate.go:164.2,164.17 1 0
raioz/internal/production/migrate.go:168.75,171.87 1 0
raioz/internal/production/migrate.go:171.87,174.22 2 0
raioz/internal/production/migrate.go:174.22,185.4 3 0
raioz/internal/production/migrate.go:188.2,188.12 1 0
raioz/internal/production/migrate.go:192.45,193.39 1 0
raioz/internal/production/migrate.go:193.39,195.33 1 0
raioz/internal/production/migrate.go:195.33,197.24 2 0
raioz/internal/production/migrate.go:197.25,200.5 0 0
raioz/internal/mocks/docker.go:8.53,9.21 1 0
raioz/internal/mocks/docker.go:9.21,11.3 1 0
raioz/internal/mocks/docker.go:12.2,12.12 1 0
raioz/internal/mocks/docker.go:15.55,16.23 1 0
raioz/internal/mocks/docker.go:16.23,18.3 1 0
raioz/internal/mocks/docker.go:19.2,19.12 1 0
raioz/internal/mocks/git.go:9.79,10.29 1 0
raioz/internal/mocks/git.go:10.29,12.3 1 0
raioz/internal/mocks/git.go:13.2,13.12 1 0
raioz/internal/mocks/workspace.go:9.83,10.26 1 0
raioz/internal/mocks/workspace.go:10.26,12.3 1 0
raioz/internal/mocks/workspace.go:13.2,13.35 1 0
raioz/internal/workspace/active.go:16.53,18.49 1 0
raioz/internal/workspace/active.go:18.49,19.49 1 0
raioz/internal/workspace/active.go:19.49,21.4 1 0
raioz/internal/workspace/active.go:22.3,22.19 1 0
raioz/internal/workspace/active.go:26.2,27.51 2 0
raioz/internal/workspace/active.go:27.51,29.3 1 0
raioz/internal/workspace/active.go:32.2,33.16 2 0
raioz/internal/workspace/active.go:33.16,35.3 1 0
raioz/internal/workspace/active.go:37.2,38.19 2 0
raioz/internal/workspace/active.go:38.19,40.3 1 0
raioz/internal/workspace/active.go:42.2,43.31 2 0
raioz/internal/workspace/active.go:43.31,45.3 1 0
raioz/internal/workspace/active.go:47.2,47.56 1 0
raioz/internal/workspace/active.go:47.56,49.3 1 0
raioz/internal/workspace/active.go:51.2,51.26 1 0
raioz/internal/workspace/active.go:55.47,57.16 2 0
raioz/internal/workspace/active.go:57.16,59.3 1 0
raioz/internal/workspace/active.go:60.2,60.61 1 0
raioz/internal/workspace/active.go:65.43,67.16 2 0
raioz/internal/workspace/active.go:67.16,69.3 1 0
raioz/internal/workspace/active.go:71.2,72.16 2 0
raioz/internal/workspace/active.go:72.16,73.25 1 0
raioz/internal/workspace/active.go:73.25,75.4 1 0
raioz/internal/workspace/active.go:76.3,76.68 1 0
raioz/internal/workspace/active.go:79.2,80.27 2 0
raioz/internal/workspace/active.go:84.53,86.16 2 0
raioz/internal/workspace/active.go:86.16,88.3 1 0
raioz/internal/workspace/active.go:91.2,92.47 2 0
raioz/internal/workspace/active.go:92.47,94.3 1 0
raioz/internal/workspace/active.go:97.2,98.77 2 0
raioz/internal/workspace/active.go:98.77,100.3 1 0
raioz/internal/workspace/active.go:102.2,102.12 1 0
raioz/internal/workspace/active.go:106.35,108.16 2 0
raioz/internal/workspace/active.go:108.16,110.3 1 0
raioz/internal/workspace/active.go:112.2,112.40 1 0
raioz/internal/workspace/active.go:112.40,113.25 1 0
raioz/internal/workspace/active.go:113.25,115.4 1 0
raioz/internal/workspace/active.go:116.3,116.65 1 0
raioz/internal/workspace/active.go:119.2,119.12 1 0
raioz/internal/workspace/active.go:123.41,125.16 2 0
raioz/internal/workspace/active.go:125.16,127.3 1 0
raioz/internal/workspace/active.go:129.2,131.16 3 0
raioz/internal/workspace/active.go:131.16,132.25 1 0
raioz/internal/workspace/active.go:132.25,134.4 1 0
raioz/internal/workspace/active.go:135.3,135.73 1 0
raioz/internal/workspace/active.go:138.2,139.32 2 0
raioz/internal/workspace/active.go:139.32,140.20 1 0
raioz/internal/workspace/active.go:140.20,142.4 1 0
raioz/internal/workspace/active.go:145.2,145.24 1 0
raioz/internal/workspace/active.go:149.58,151.16 2 0
raioz/internal/workspace/active.go:151.16,153.3 1 0
raioz/internal/workspace/active.go:155.2,157.16 3 0
raioz/internal/workspace/active.go:157.16,158.25 1 0
raioz/internal/workspace/active.go:158.25,160.4 1 0
raioz/internal/workspace/active.go:161.3,161.75 1 0
raioz/internal/workspace/active.go:164.2,164.26 1 0
raioz/internal/workspace/migrate.go:21.68,22.17 1 1
raioz/internal/workspace/migrate.go:22.17,24.3 1 0
raioz/internal/workspace/migrate.go:26.2,29.39 3 1
raioz/internal/workspace/migrate.go:29.39,30.31 1 1
raioz/internal/workspace/migrate.go:30.31,31.12 1 0
raioz/internal/workspace/migrate.go:35.3,39.17 3 1
raioz/internal/workspace/migrate.go:39.17,41.12 2 0
raioz/internal/workspace/migrate.go:45.3,45.53 1 1
raioz/internal/workspace/migrate.go:45.53,46.12 1 0
raioz/internal/workspace/migrate.go:50.3,50.48 1 1
raioz/internal/workspace/migrate.go:50.48,52.12 1 1
raioz/internal/workspace/migrate.go:56.3,56.69 1 1
raioz/internal/workspace/migrate.go:56.69,58.12 2 0
raioz/internal/workspace/migrate.go:62.3,62.56 1 1
raioz/internal/workspace/migrate.go:62.56,64.12 2 0
raioz/internal/workspace/migrate.go:67.3,67.36 1 1
raioz/internal/workspace/migrate.go:71.2,71.23 1 1
raioz/internal/workspace/migrate.go:71.23,73.3 1 1
raioz/internal/workspace/migrate.go:75.2,75.21 1 1
raioz/internal/workspace/migrate.go:75.21,77.3 1 0
raioz/internal/workspace/migrate.go:79.2,79.12 1 1
raioz/internal/workspace/migrate.go:84.76,86.44 1 0
raioz/internal/workspace/migrate.go:86.44,88.3 1 0
raioz/internal/workspace/migrate.go:91.2,92.36 2 0
raioz/internal/workspace/migrate.go:92.36,93.31 1 0
raioz/internal/workspace/migrate.go:93.31,96.18 2 0
raioz/internal/workspace/migrate.go:96.18,98.13 1 0
raioz/internal/workspace/migrate.go:100.4,100.46 1 0
raioz/internal/workspace/migrate.go:100.46,102.10 2 0
raioz/internal/workspace/migrate.go:107.2,107.24 1 0
raioz/internal/workspace/migrate.go:107.24,109.3 1 0
raioz/internal/workspace/migrate.go:112.2,112.40 1 0
raioz/internal/workspace/services.go:14.62,15.30 1 1
raioz/internal/workspace/services.go:15.30,16.33 1 1
raioz/internal/workspace/services.go:16.33,18.4 1 1
raioz/internal/workspace/services.go:19.3,19.29 1 1
raioz/internal/workspace/services.go:22.2,22.23 1 1
raioz/internal/workspace/services.go:29.83,31.37 1 1
raioz/internal/workspace/services.go:31.37,33.3 1 0
raioz/internal/workspace/services.go:36.2,39.25 3 1
raioz/internal/workspace/services.go:39.25,42.3 1 0
raioz/internal/workspace/services.go:43.2,43.46 1 1
raioz/internal/workspace/workspace.go:30.35,32.49 1 1
raioz/internal/workspace/workspace.go:32.49,34.49 1 1
raioz/internal/workspace/workspace.go:34.49,36.4 1 0
raioz/internal/workspace/workspace.go:37.3,37.19 1 1
raioz/internal/workspace/workspace.go:41.2,42.51 2 1
raioz/internal/workspace/workspace.go:42.51,45.3 1 0
raioz/internal/workspace/workspace.go:48.2,49.16 2 1
raioz/internal/workspace/workspace.go:49.16,54.3 1 0
raioz/internal/workspace/workspace.go:57.2,57.56 1 1
raioz/internal/workspace/workspace.go:57.56,62.3 1 0
raioz/internal/workspace/workspace.go:64.2,64.26 1 1
raioz/internal/workspace/workspace.go:68.43,70.16 2 1
raioz/internal/workspace/workspace.go:70.16,72.3 1 0
raioz/internal/workspace/workspace.go:74.2,75.19 2 1
raioz/internal/workspace/workspace.go:75.19,77.3 1 0
raioz/internal/workspace/workspace.go:80.2,83.31 2 1
raioz/internal/workspace/workspace.go:83.31,85.3 1 0
raioz/internal/workspace/workspace.go:87.2,87.26 1 1
raioz/internal/workspace/workspace.go:92.50,94.16 2 1
raioz/internal/workspace/workspace.go:94.16,96.3 1 0
raioz/internal/workspace/workspace.go:100.2,100.35 1 1
raioz/internal/workspace/workspace.go:100.36,102.3 0 0
raioz/internal/workspace/workspace.go:102.8,105.3 1 1
raioz/internal/workspace/workspace.go:107.2,114.48 6 1
raioz/internal/workspace/workspace.go:114.48,116.3 1 0
raioz/internal/workspace/workspace.go:117.2,117.52 1 1
raioz/internal/workspace/workspace.go:117.52,119.3 1 0
raioz/internal/workspace/workspace.go:120.2,120.57 1 1
raioz/internal/workspace/workspace.go:120.57,122.3 1 0
raioz/internal/workspace/workspace.go:123.2,123.60 1 1
raioz/internal/workspace/workspace.go:123.60,125.3 1 0
raioz/internal/workspace/workspace.go:126.2,126.50 1 1
raioz/internal/workspace/workspace.go:126.50,128.3 1 0
raioz/internal/workspace/workspace.go:131.2,133.55 3 1
raioz/internal/workspace/workspace.go:133.55,135.3 1 0
raioz/internal/workspace/workspace.go:136.2,136.55 1 1
raioz/internal/workspace/workspace.go:136.55,138.3 1 0
raioz/internal/workspace/workspace.go:140.2,150.81 2 1
raioz/internal/workspace/workspace.go:150.81,151.65 1 0
raioz/internal/workspace/workspace.go:151.65,154.4 1 0
raioz/internal/workspace/workspace.go:157.2,157.16 1 1
raioz/internal/workspace/workspace.go:162.78,173.37 2 1
raioz/internal/workspace/workspace.go:173.37,174.63 1 1
raioz/internal/workspace/workspace.go:174.63,176.4 1 0
raioz/internal/workspace/workspace.go:179.2,179.68 1 1
raioz/internal/workspace/workspace.go:184.52,188.2 1 1
raioz/internal/workspace/workspace.go:190.41,192.2 1 1
raioz/internal/workspace/workspace.go:194.43,196.2 1 1
raioz/internal/workspace/workspace.go:198.38,200.2 1 1
raioz/internal/workspace/workspace.go:203.48,205.2 1 1
raioz/internal/workspace/workspace.go:208.51,210.2 1 1
