mode: set
raioz/cmd/check.go:26.54,28.16 1 0
raioz/cmd/check.go:28.16,29.71 1 0
raioz/cmd/check.go:29.72,31.5 0 0
raioz/cmd/check.go:35.3,36.17 2 0
raioz/cmd/check.go:36.17,38.4 1 0
raioz/cmd/check.go:41.3,48.5 3 0
raioz/cmd/check.go:52.13,55.2 2 1
raioz/cmd/ci.go:28.54,30.3 1 0
raioz/cmd/ci.go:33.13,43.2 8 1
raioz/cmd/ci_execute.go:19.31,31.15 3 0
raioz/cmd/ci_execute.go:31.15,38.48 5 0
raioz/cmd/ci_execute.go:38.48,41.4 1 0
raioz/cmd/ci_execute.go:44.3,44.22 1 0
raioz/cmd/ci_execute.go:44.22,46.4 1 0
raioz/cmd/ci_execute.go:50.2,50.48 1 0
raioz/cmd/ci_execute.go:50.48,58.3 3 0
raioz/cmd/ci_execute.go:60.2,67.16 3 0
raioz/cmd/ci_execute.go:67.16,75.3 3 0
raioz/cmd/ci_execute.go:78.2,78.35 1 0
raioz/cmd/ci_execute.go:78.35,80.3 1 0
raioz/cmd/ci_execute.go:82.2,88.43 2 0
raioz/cmd/ci_execute.go:88.43,96.3 3 0
raioz/cmd/ci_execute.go:98.2,104.58 2 0
raioz/cmd/ci_execute.go:104.58,112.3 3 0
raioz/cmd/ci_execute.go:114.2,120.20 2 0
raioz/cmd/ci_execute.go:120.20,124.3 3 0
raioz/cmd/ci_execute.go:127.2,127.54 1 0
raioz/cmd/ci_execute.go:127.54,130.3 1 0
raioz/cmd/ci_execute.go:132.2,135.28 3 0
raioz/cmd/ci_execute.go:135.28,137.3 1 0
raioz/cmd/ci_execute.go:139.2,139.12 1 0
raioz/cmd/ci_execute.go:143.64,146.35 2 0
raioz/cmd/ci_execute.go:146.35,148.21 2 0
raioz/cmd/ci_execute.go:148.21,150.4 1 0
raioz/cmd/ci_execute.go:154.2,158.27 4 0
raioz/cmd/ci_execute.go:158.27,163.3 1 0
raioz/cmd/ci_execute.go:166.2,168.17 3 0
raioz/cmd/ci_execute.go:168.17,169.20 1 0
raioz/cmd/ci_execute.go:169.20,171.4 1 0
raioz/cmd/ci_execute.go:171.9,173.4 1 0
raioz/cmd/ci_execute.go:174.3,174.35 1 0
raioz/cmd/ci_execute.go:177.2,178.16 2 0
raioz/cmd/ci_execute.go:178.16,186.3 3 0
raioz/cmd/ci_execute.go:189.2,189.68 1 0
raioz/cmd/ci_execute.go:189.68,197.3 3 0
raioz/cmd/ci_execute.go:199.2,206.16 3 0
raioz/cmd/ci_execute.go:206.16,214.3 3 0
raioz/cmd/ci_execute.go:217.2,217.28 1 0
raioz/cmd/ci_execute.go:217.28,218.16 1 0
raioz/cmd/ci_execute.go:218.16,220.4 1 0
raioz/cmd/ci_execute.go:224.2,227.73 2 0
raioz/cmd/ci_execute.go:227.73,229.3 1 0
raioz/cmd/ci_execute.go:232.2,232.55 1 0
raioz/cmd/ci_execute.go:232.55,234.3 1 0
raioz/cmd/ci_execute.go:237.2,237.54 1 0
raioz/cmd/ci_execute.go:237.54,239.3 1 0
raioz/cmd/ci_execute.go:242.2,242.54 1 0
raioz/cmd/ci_execute.go:242.54,244.3 1 0
raioz/cmd/ci_execute.go:247.2,247.55 1 0
raioz/cmd/ci_execute.go:247.55,249.3 1 0
raioz/cmd/ci_execute.go:252.2,253.16 2 0
raioz/cmd/ci_execute.go:253.16,261.3 3 0
raioz/cmd/ci_execute.go:263.2,270.18 3 0
raioz/cmd/ci_execute.go:270.18,271.48 1 0
raioz/cmd/ci_execute.go:271.48,279.4 3 0
raioz/cmd/ci_execute.go:281.3,287.46 2 0
raioz/cmd/ci_execute.go:287.46,289.4 1 0
raioz/cmd/ci_execute.go:289.9,291.4 1 0
raioz/cmd/ci_execute.go:292.8,298.3 1 0
raioz/cmd/ci_execute.go:301.2,302.34 2 0
raioz/cmd/ci_execute.go:302.34,304.3 1 0
raioz/cmd/ci_execute.go:305.2,306.31 2 0
raioz/cmd/ci_execute.go:306.31,308.3 1 0
raioz/cmd/ci_execute.go:310.2,313.12 3 0
raioz/cmd/ci_helpers.go:14.36,16.56 1 0
raioz/cmd/ci_helpers.go:16.56,18.3 1 0
raioz/cmd/ci_helpers.go:19.2,19.54 1 0
raioz/cmd/ci_helpers.go:19.54,21.3 1 0
raioz/cmd/ci_helpers.go:23.2,23.12 1 0
raioz/cmd/ci_helpers.go:27.44,29.54 1 0
raioz/cmd/ci_helpers.go:29.54,31.3 1 0
raioz/cmd/ci_helpers.go:34.2,34.55 1 0
raioz/cmd/ci_helpers.go:34.55,36.3 1 0
raioz/cmd/ci_helpers.go:39.2,39.56 1 0
raioz/cmd/ci_helpers.go:39.56,41.3 1 0
raioz/cmd/ci_helpers.go:44.2,44.53 1 0
raioz/cmd/ci_helpers.go:44.53,46.3 1 0
raioz/cmd/ci_helpers.go:49.2,49.60 1 0
raioz/cmd/ci_helpers.go:49.60,51.3 1 0
raioz/cmd/ci_helpers.go:54.2,54.12 1 0
raioz/cmd/ci_helpers.go:58.79,62.48 2 0
raioz/cmd/ci_helpers.go:62.48,63.50 1 0
raioz/cmd/ci_helpers.go:63.50,66.4 1 0
raioz/cmd/ci_helpers.go:70.2,71.68 2 0
raioz/cmd/ci_helpers.go:71.68,73.3 1 0
raioz/cmd/ci_helpers.go:76.2,76.46 1 0
raioz/cmd/ci_helpers.go:76.46,78.3 1 0
raioz/cmd/ci_validations.go:19.9,22.16 3 0
raioz/cmd/ci_validations.go:22.16,30.3 3 0
raioz/cmd/ci_validations.go:32.2,32.24 1 0
raioz/cmd/ci_validations.go:32.24,38.38 2 0
raioz/cmd/ci_validations.go:38.38,46.4 1 0
raioz/cmd/ci_validations.go:47.3,47.47 1 0
raioz/cmd/ci_validations.go:50.2,54.12 2 0
raioz/cmd/ci_validations.go:58.66,59.17 1 0
raioz/cmd/ci_validations.go:59.17,60.56 1 0
raioz/cmd/ci_validations.go:60.56,68.4 3 0
raioz/cmd/ci_validations.go:70.3,73.5 1 0
raioz/cmd/ci_validations.go:74.8,80.3 1 0
raioz/cmd/ci_validations.go:81.2,81.12 1 0
raioz/cmd/ci_validations.go:85.65,87.83 2 0
raioz/cmd/ci_validations.go:87.83,95.3 3 0
raioz/cmd/ci_validations.go:97.2,101.12 2 0
raioz/cmd/ci_validations.go:105.65,107.36 2 0
raioz/cmd/ci_validations.go:107.36,109.3 1 0
raioz/cmd/ci_validations.go:110.2,110.35 1 0
raioz/cmd/ci_validations.go:110.35,112.3 1 0
raioz/cmd/ci_validations.go:114.2,115.16 2 0
raioz/cmd/ci_validations.go:115.16,123.3 3 0
raioz/cmd/ci_validations.go:125.2,126.39 2 0
raioz/cmd/ci_validations.go:126.39,127.70 1 0
raioz/cmd/ci_validations.go:127.70,135.4 3 0
raioz/cmd/ci_validations.go:138.2,138.27 1 0
raioz/cmd/ci_validations.go:138.27,144.3 1 0
raioz/cmd/ci_validations.go:145.2,145.12 1 0
raioz/cmd/ci_validations.go:149.87,150.18 1 0
raioz/cmd/ci_validations.go:150.18,151.40 1 0
raioz/cmd/ci_validations.go:151.40,152.32 1 0
raioz/cmd/ci_validations.go:152.32,153.95 1 0
raioz/cmd/ci_validations.go:153.95,161.6 3 0
raioz/cmd/ci_validations.go:165.3,168.5 1 0
raioz/cmd/ci_validations.go:169.8,175.3 1 0
raioz/cmd/ci_validations.go:176.2,176.12 1 0
raioz/cmd/clean.go:35.54,38.17 2 0
raioz/cmd/clean.go:38.17,40.4 1 0
raioz/cmd/clean.go:42.3,46.16 3 0
raioz/cmd/clean.go:46.16,47.25 1 0
raioz/cmd/clean.go:47.25,49.20 2 0
raioz/cmd/clean.go:49.20,51.6 1 0
raioz/cmd/clean.go:51.11,56.6 1 0
raioz/cmd/clean.go:60.3,63.15 2 0
raioz/cmd/clean.go:63.15,65.18 2 0
raioz/cmd/clean.go:65.18,67.5 1 0
raioz/cmd/clean.go:69.4,71.18 3 0
raioz/cmd/clean.go:71.18,73.5 1 0
raioz/cmd/clean.go:74.4,74.48 1 0
raioz/cmd/clean.go:75.9,77.18 2 0
raioz/cmd/clean.go:77.18,79.5 1 0
raioz/cmd/clean.go:81.4,85.18 4 0
raioz/cmd/clean.go:85.18,87.5 1 0
raioz/cmd/clean.go:88.4,92.48 3 0
raioz/cmd/clean.go:92.48,93.20 1 0
raioz/cmd/clean.go:93.20,95.6 1 0
raioz/cmd/clean.go:95.11,96.49 1 0
raioz/cmd/clean.go:96.49,98.7 1 0
raioz/cmd/clean.go:98.12,100.7 1 0
raioz/cmd/clean.go:106.3,106.18 1 0
raioz/cmd/clean.go:106.18,109.18 3 0
raioz/cmd/clean.go:109.18,111.5 1 0
raioz/cmd/clean.go:112.4,112.46 1 0
raioz/cmd/clean.go:116.3,116.19 1 0
raioz/cmd/clean.go:116.19,120.35 2 0
raioz/cmd/clean.go:120.35,125.19 5 0
raioz/cmd/clean.go:125.19,127.6 1 0
raioz/cmd/clean.go:128.5,129.45 2 0
raioz/cmd/clean.go:129.45,132.6 2 0
raioz/cmd/clean.go:135.4,136.18 2 0
raioz/cmd/clean.go:136.18,138.5 1 0
raioz/cmd/clean.go:139.4,139.47 1 0
raioz/cmd/clean.go:143.3,143.20 1 0
raioz/cmd/clean.go:143.20,146.18 3 0
raioz/cmd/clean.go:146.18,148.5 1 0
raioz/cmd/clean.go:149.4,149.48 1 0
raioz/cmd/clean.go:153.3,153.18 1 0
raioz/cmd/clean.go:153.18,155.4 1 0
raioz/cmd/clean.go:155.9,157.4 1 0
raioz/cmd/clean.go:159.3,159.24 1 0
raioz/cmd/clean.go:159.24,161.4 1 0
raioz/cmd/clean.go:161.9,163.4 1 0
raioz/cmd/clean.go:165.3,165.13 1 0
raioz/cmd/clean.go:169.13,178.2 8 1
raioz/cmd/compare.go:29.54,30.34 1 0
raioz/cmd/compare.go:30.34,37.4 1 0
raioz/cmd/compare.go:40.3,41.17 2 0
raioz/cmd/compare.go:41.17,46.4 1 0
raioz/cmd/compare.go:49.3,49.36 1 0
raioz/cmd/compare.go:49.36,51.4 1 0
raioz/cmd/compare.go:54.3,55.17 2 0
raioz/cmd/compare.go:55.17,60.4 1 0
raioz/cmd/compare.go:63.3,66.24 2 0
raioz/cmd/compare.go:66.24,69.49 3 0
raioz/cmd/compare.go:69.49,74.5 1 0
raioz/cmd/compare.go:75.9,78.4 2 0
raioz/cmd/compare.go:81.3,82.50 2 0
raioz/cmd/compare.go:82.50,83.63 1 0
raioz/cmd/compare.go:83.63,85.10 2 0
raioz/cmd/compare.go:89.3,89.16 1 0
raioz/cmd/compare.go:89.16,96.4 1 0
raioz/cmd/compare.go:98.3,98.13 1 0
raioz/cmd/compare.go:102.13,125.2 4 1
raioz/cmd/dependency_assist.go:19.110,21.70 1 0
raioz/cmd/dependency_assist.go:21.70,23.3 1 0
raioz/cmd/dependency_assist.go:26.2,27.16 2 0
raioz/cmd/dependency_assist.go:27.16,29.3 1 0
raioz/cmd/dependency_assist.go:31.2,31.23 1 0
raioz/cmd/dependency_assist.go:31.23,34.3 1 0
raioz/cmd/dependency_assist.go:37.2,38.30 2 0
raioz/cmd/dependency_assist.go:38.30,40.3 1 0
raioz/cmd/dependency_assist.go:43.2,45.44 3 0
raioz/cmd/dependency_assist.go:45.44,46.32 1 0
raioz/cmd/dependency_assist.go:46.32,49.27 3 0
raioz/cmd/dependency_assist.go:49.27,51.5 1 0
raioz/cmd/dependency_assist.go:52.4,52.30 1 0
raioz/cmd/dependency_assist.go:52.30,58.5 1 0
raioz/cmd/dependency_assist.go:58.10,60.5 1 0
raioz/cmd/dependency_assist.go:61.4,61.17 1 0
raioz/cmd/dependency_assist.go:65.2,65.12 1 0
raioz/cmd/dependency_assist.go:65.12,69.3 2 0
raioz/cmd/dependency_assist.go:72.2,82.30 9 0
raioz/cmd/dependency_assist.go:82.30,84.29 2 0
raioz/cmd/dependency_assist.go:84.29,86.4 1 0
raioz/cmd/dependency_assist.go:86.9,88.4 1 0
raioz/cmd/dependency_assist.go:90.3,91.17 2 0
raioz/cmd/dependency_assist.go:91.17,93.4 1 0
raioz/cmd/dependency_assist.go:95.3,96.18 2 0
raioz/cmd/dependency_assist.go:96.18,98.30 1 0
raioz/cmd/dependency_assist.go:98.30,100.5 1 0
raioz/cmd/dependency_assist.go:100.10,102.5 1 0
raioz/cmd/dependency_assist.go:105.3,106.45 2 0
raioz/cmd/dependency_assist.go:106.45,109.12 3 0
raioz/cmd/dependency_assist.go:112.3,112.17 1 0
raioz/cmd/dependency_assist.go:113.10,115.30 1 0
raioz/cmd/dependency_assist.go:115.30,118.5 2 0
raioz/cmd/dependency_assist.go:118.10,120.5 1 0
raioz/cmd/dependency_assist.go:121.10,123.64 1 0
raioz/cmd/dependency_assist.go:124.10,127.64 2 0
raioz/cmd/dependency_assist.go:132.2,135.28 2 0
raioz/cmd/dependency_assist.go:135.28,137.37 2 0
raioz/cmd/dependency_assist.go:137.37,139.28 1 0
raioz/cmd/dependency_assist.go:139.28,141.5 1 0
raioz/cmd/dependency_assist.go:144.4,150.92 5 0
raioz/cmd/dependency_assist.go:150.92,153.5 1 0
raioz/cmd/dependency_assist.go:155.4,155.82 1 0
raioz/cmd/dependency_assist.go:160.2,160.31 1 0
raioz/cmd/dependency_assist.go:160.31,163.3 2 0
raioz/cmd/dependency_assist.go:165.2,165.33 1 0
raioz/cmd/dependency_assist.go:171.113,173.70 1 0
raioz/cmd/dependency_assist.go:173.70,175.3 1 0
raioz/cmd/dependency_assist.go:177.2,178.16 2 0
raioz/cmd/dependency_assist.go:178.16,180.3 1 0
raioz/cmd/dependency_assist.go:182.2,182.25 1 0
raioz/cmd/dependency_assist.go:182.25,185.3 1 0
raioz/cmd/dependency_assist.go:188.2,190.37 3 0
raioz/cmd/dependency_assist.go:190.37,193.45 3 0
raioz/cmd/dependency_assist.go:193.45,195.4 1 0
raioz/cmd/dependency_assist.go:196.3,196.16 1 0
raioz/cmd/dependency_assist.go:199.2,199.12 1 0
raioz/cmd/dependency_assist.go:199.12,203.3 2 0
raioz/cmd/dependency_assist.go:206.2,216.37 9 0
raioz/cmd/dependency_assist.go:216.37,220.17 3 0
raioz/cmd/dependency_assist.go:220.17,222.4 1 0
raioz/cmd/dependency_assist.go:224.3,225.18 2 0
raioz/cmd/dependency_assist.go:225.18,227.4 1 0
raioz/cmd/dependency_assist.go:229.3,230.45 2 0
raioz/cmd/dependency_assist.go:230.45,232.12 2 0
raioz/cmd/dependency_assist.go:235.3,236.17 2 0
raioz/cmd/dependency_assist.go:237.10,240.83 2 0
raioz/cmd/dependency_assist.go:241.10,243.37 1 0
raioz/cmd/dependency_assist.go:243.37,247.5 3 0
raioz/cmd/dependency_assist.go:248.10,251.84 2 0
raioz/cmd/dependency_assist.go:254.3,254.23 1 0
raioz/cmd/dependency_assist.go:254.23,257.94 2 0
raioz/cmd/dependency_assist.go:257.94,260.5 1 0
raioz/cmd/dependency_assist.go:261.4,261.93 1 0
raioz/cmd/dependency_assist.go:265.2,265.17 1 0
raioz/cmd/dependency_assist.go:265.17,267.3 1 0
raioz/cmd/dependency_assist.go:269.2,269.31 1 0
raioz/cmd/down.go:19.60,21.16 1 0
raioz/cmd/down.go:21.16,22.70 1 0
raioz/cmd/down.go:22.70,24.5 1 0
raioz/cmd/down.go:27.3,31.17 3 0
raioz/cmd/down.go:31.17,33.4 1 0
raioz/cmd/down.go:36.3,54.13 7 0
raioz/cmd/down.go:58.13,61.2 2 1
raioz/cmd/ignore.go:38.54,42.24 2 0
raioz/cmd/ignore.go:42.24,44.4 1 0
raioz/cmd/ignore.go:47.3,48.17 2 0
raioz/cmd/ignore.go:48.17,50.4 1 0
raioz/cmd/ignore.go:52.3,52.16 1 0
raioz/cmd/ignore.go:52.16,55.4 2 0
raioz/cmd/ignore.go:58.3,58.56 1 0
raioz/cmd/ignore.go:58.56,60.4 1 0
raioz/cmd/ignore.go:62.3,67.18 4 0
raioz/cmd/ignore.go:67.18,68.55 1 0
raioz/cmd/ignore.go:68.55,71.42 2 0
raioz/cmd/ignore.go:71.42,72.47 1 0
raioz/cmd/ignore.go:72.47,73.29 1 0
raioz/cmd/ignore.go:73.29,75.13 2 0
raioz/cmd/ignore.go:79.5,79.28 1 0
raioz/cmd/ignore.go:79.28,87.6 1 0
raioz/cmd/ignore.go:91.3,91.13 1 0
raioz/cmd/ignore.go:106.54,111.17 3 0
raioz/cmd/ignore.go:111.17,113.4 1 0
raioz/cmd/ignore.go:115.3,115.17 1 0
raioz/cmd/ignore.go:115.17,118.4 2 0
raioz/cmd/ignore.go:121.3,121.59 1 0
raioz/cmd/ignore.go:121.59,123.4 1 0
raioz/cmd/ignore.go:125.3,128.13 3 0
raioz/cmd/ignore.go:140.54,142.17 2 0
raioz/cmd/ignore.go:142.17,144.4 1 0
raioz/cmd/ignore.go:146.3,146.32 1 0
raioz/cmd/ignore.go:146.32,149.4 2 0
raioz/cmd/ignore.go:151.3,152.40 2 0
raioz/cmd/ignore.go:152.40,154.4 1 0
raioz/cmd/ignore.go:156.3,156.13 1 0
raioz/cmd/ignore.go:160.13,167.2 3 1
raioz/cmd/link.go:44.54,50.17 4 0
raioz/cmd/link.go:50.17,52.4 1 0
raioz/cmd/link.go:55.3,56.17 2 0
raioz/cmd/link.go:56.17,58.4 1 0
raioz/cmd/link.go:61.3,62.17 2 0
raioz/cmd/link.go:62.17,64.4 1 0
raioz/cmd/link.go:67.3,68.14 2 0
raioz/cmd/link.go:68.14,70.4 1 0
raioz/cmd/link.go:73.3,76.52 2 0
raioz/cmd/link.go:76.52,77.20 1 0
raioz/cmd/link.go:77.20,80.19 2 0
raioz/cmd/link.go:80.19,82.6 1 0
raioz/cmd/link.go:83.5,83.18 1 0
raioz/cmd/link.go:83.18,89.6 1 0
raioz/cmd/link.go:91.5,92.19 2 0
raioz/cmd/link.go:92.19,94.6 1 0
raioz/cmd/link.go:95.5,95.37 1 0
raioz/cmd/link.go:95.37,98.6 2 0
raioz/cmd/link.go:99.5,103.6 1 0
raioz/cmd/link.go:108.3,108.71 1 0
raioz/cmd/link.go:108.71,110.4 1 0
raioz/cmd/link.go:112.3,115.13 3 0
raioz/cmd/link.go:134.54,139.17 3 0
raioz/cmd/link.go:139.17,141.4 1 0
raioz/cmd/link.go:144.3,145.17 2 0
raioz/cmd/link.go:145.17,147.4 1 0
raioz/cmd/link.go:150.3,151.14 2 0
raioz/cmd/link.go:151.14,153.4 1 0
raioz/cmd/link.go:156.3,160.17 3 0
raioz/cmd/link.go:160.17,162.4 1 0
raioz/cmd/link.go:164.3,164.16 1 0
raioz/cmd/link.go:164.16,167.4 2 0
raioz/cmd/link.go:170.3,170.54 1 0
raioz/cmd/link.go:170.54,172.4 1 0
raioz/cmd/link.go:174.3,177.13 3 0
raioz/cmd/link.go:189.54,192.17 2 0
raioz/cmd/link.go:192.17,194.4 1 0
raioz/cmd/link.go:197.3,198.17 2 0
raioz/cmd/link.go:198.17,200.4 1 0
raioz/cmd/link.go:202.3,208.40 2 0
raioz/cmd/link.go:208.40,211.18 3 0
raioz/cmd/link.go:211.18,213.13 1 0
raioz/cmd/link.go:215.4,215.16 1 0
raioz/cmd/link.go:215.16,220.5 1 0
raioz/cmd/link.go:223.3,223.31 1 0
raioz/cmd/link.go:223.31,226.4 2 0
raioz/cmd/link.go:228.3,229.41 2 0
raioz/cmd/link.go:229.41,231.4 1 0
raioz/cmd/link.go:233.3,233.13 1 0
raioz/cmd/link.go:237.13,244.2 3 1
raioz/cmd/list.go:36.54,38.17 2 0
raioz/cmd/list.go:38.17,40.4 1 0
raioz/cmd/list.go:43.3,45.15 2 0
raioz/cmd/list.go:45.15,49.56 3 0
raioz/cmd/list.go:49.56,51.5 1 0
raioz/cmd/list.go:52.4,52.14 1 0
raioz/cmd/list.go:56.3,56.45 1 0
raioz/cmd/list.go:56.45,57.44 1 0
raioz/cmd/list.go:57.44,59.5 1 0
raioz/cmd/list.go:59.10,61.5 1 0
raioz/cmd/list.go:62.4,62.14 1 0
raioz/cmd/list.go:65.3,67.60 2 0
raioz/cmd/list.go:67.60,69.15 2 0
raioz/cmd/list.go:69.15,70.13 1 0
raioz/cmd/list.go:73.4,73.13 1 0
raioz/cmd/list.go:73.13,75.5 1 0
raioz/cmd/list.go:77.4,83.38 5 0
raioz/cmd/list.go:83.38,85.47 2 0
raioz/cmd/list.go:85.47,86.33 1 0
raioz/cmd/list.go:86.33,88.7 1 0
raioz/cmd/list.go:90.5,93.40 2 0
raioz/cmd/list.go:93.40,95.48 2 0
raioz/cmd/list.go:95.48,97.34 2 0
raioz/cmd/list.go:97.34,99.8 1 0
raioz/cmd/list.go:100.7,100.91 1 0
raioz/cmd/list.go:102.6,102.72 1 0
raioz/cmd/list.go:107.3,107.13 1 0
raioz/cmd/list.go:112.70,113.42 1 0
raioz/cmd/list.go:113.42,115.3 1 0
raioz/cmd/list.go:117.2,122.57 2 0
raioz/cmd/list.go:122.57,124.14 2 0
raioz/cmd/list.go:124.14,125.12 1 0
raioz/cmd/list.go:129.3,129.103 1 0
raioz/cmd/list.go:129.103,130.12 1 0
raioz/cmd/list.go:134.3,134.23 1 0
raioz/cmd/list.go:134.23,136.46 2 0
raioz/cmd/list.go:136.46,137.50 1 0
raioz/cmd/list.go:137.50,139.11 2 0
raioz/cmd/list.go:142.4,142.26 1 0
raioz/cmd/list.go:142.26,143.13 1 0
raioz/cmd/list.go:148.3,149.48 2 0
raioz/cmd/list.go:152.2,152.17 1 0
raioz/cmd/list.go:155.37,156.16 1 0
raioz/cmd/list.go:156.16,158.3 1 0
raioz/cmd/list.go:159.2,162.24 3 0
raioz/cmd/list.go:162.24,164.3 1 0
raioz/cmd/list.go:165.2,165.22 1 0
raioz/cmd/list.go:165.22,168.3 2 0
raioz/cmd/list.go:169.2,169.25 1 0
raioz/cmd/list.go:169.25,172.3 2 0
raioz/cmd/list.go:173.2,173.27 1 0
raioz/cmd/list.go:173.27,176.3 2 0
raioz/cmd/list.go:178.2,178.40 1 0
raioz/cmd/list.go:181.13,185.2 3 1
raioz/cmd/logs.go:30.54,33.17 2 0
raioz/cmd/logs.go:33.17,35.4 1 0
raioz/cmd/logs.go:37.3,41.24 3 0
raioz/cmd/logs.go:41.24,43.19 2 0
raioz/cmd/logs.go:43.19,45.5 1 0
raioz/cmd/logs.go:45.10,50.5 1 0
raioz/cmd/logs.go:53.3,54.17 2 0
raioz/cmd/logs.go:54.17,56.4 1 0
raioz/cmd/logs.go:59.3,59.24 1 0
raioz/cmd/logs.go:59.24,61.4 1 0
raioz/cmd/logs.go:63.3,68.14 3 0
raioz/cmd/logs.go:68.14,71.18 2 0
raioz/cmd/logs.go:71.18,73.5 1 0
raioz/cmd/logs.go:74.4,74.26 1 0
raioz/cmd/logs.go:75.9,75.27 1 0
raioz/cmd/logs.go:75.27,78.4 1 0
raioz/cmd/logs.go:78.9,81.18 2 0
raioz/cmd/logs.go:81.18,83.5 1 0
raioz/cmd/logs.go:84.4,84.26 1 0
raioz/cmd/logs.go:88.3,95.76 2 0
raioz/cmd/logs.go:95.76,97.4 1 0
raioz/cmd/logs.go:99.3,99.13 1 0
raioz/cmd/logs.go:103.13,109.2 5 1
raioz/cmd/migrate.go:30.54,31.31 1 0
raioz/cmd/migrate.go:31.31,38.4 1 0
raioz/cmd/migrate.go:40.3,40.31 1 0
raioz/cmd/migrate.go:40.31,47.4 1 0
raioz/cmd/migrate.go:50.3,51.17 2 0
raioz/cmd/migrate.go:51.17,56.4 1 0
raioz/cmd/migrate.go:59.3,64.17 2 0
raioz/cmd/migrate.go:64.17,69.4 1 0
raioz/cmd/migrate.go:72.3,76.36 3 0
raioz/cmd/migrate.go:76.36,78.4 1 0
raioz/cmd/migrate.go:81.3,82.17 2 0
raioz/cmd/migrate.go:82.17,87.4 1 0
raioz/cmd/migrate.go:89.3,89.30 1 0
raioz/cmd/migrate.go:89.30,91.4 1 0
raioz/cmd/migrate.go:93.3,93.75 1 0
raioz/cmd/migrate.go:93.75,98.4 1 0
raioz/cmd/migrate.go:100.3,102.24 2 0
raioz/cmd/migrate.go:102.24,104.4 1 0
raioz/cmd/migrate.go:104.9,106.4 1 0
raioz/cmd/migrate.go:108.3,108.13 1 0
raioz/cmd/migrate.go:112.13,143.2 6 1
raioz/cmd/override.go:32.54,35.25 2 0
raioz/cmd/override.go:35.25,37.4 1 0
raioz/cmd/override.go:40.3,41.17 2 0
raioz/cmd/override.go:41.17,43.4 1 0
raioz/cmd/override.go:45.3,45.64 1 0
raioz/cmd/override.go:45.64,47.4 1 0
raioz/cmd/override.go:50.3,51.23 2 0
raioz/cmd/override.go:51.23,53.19 2 0
raioz/cmd/override.go:53.19,55.49 2 0
raioz/cmd/override.go:55.49,63.6 1 0
raioz/cmd/override.go:68.3,69.17 2 0
raioz/cmd/override.go:69.17,71.4 1 0
raioz/cmd/override.go:73.3,73.18 1 0
raioz/cmd/override.go:73.18,75.18 2 0
raioz/cmd/override.go:75.18,77.5 1 0
raioz/cmd/override.go:78.4,85.55 2 0
raioz/cmd/override.go:89.3,95.75 2 0
raioz/cmd/override.go:95.75,97.4 1 0
raioz/cmd/override.go:100.3,100.72 1 0
raioz/cmd/override.go:100.72,103.4 1 0
raioz/cmd/override.go:105.3,113.24 2 0
raioz/cmd/override.go:113.24,120.4 1 0
raioz/cmd/override.go:120.9,122.4 1 0
raioz/cmd/override.go:124.3,124.13 1 0
raioz/cmd/override.go:132.54,134.17 2 0
raioz/cmd/override.go:134.17,136.4 1 0
raioz/cmd/override.go:138.3,138.26 1 0
raioz/cmd/override.go:138.26,141.4 2 0
raioz/cmd/override.go:143.3,145.54 3 0
raioz/cmd/override.go:145.54,148.77 2 0
raioz/cmd/override.go:148.77,150.5 1 0
raioz/cmd/override.go:152.4,156.17 5 0
raioz/cmd/override.go:160.3,161.17 2 0
raioz/cmd/override.go:161.17,163.4 1 0
raioz/cmd/override.go:163.9,163.30 1 0
raioz/cmd/override.go:163.30,165.4 1 0
raioz/cmd/override.go:167.3,167.13 1 0
raioz/cmd/override.go:178.54,182.17 3 0
raioz/cmd/override.go:182.17,184.4 1 0
raioz/cmd/override.go:186.3,186.19 1 0
raioz/cmd/override.go:186.19,188.4 1 0
raioz/cmd/override.go:190.3,190.62 1 0
raioz/cmd/override.go:190.62,192.4 1 0
raioz/cmd/override.go:195.3,195.89 1 0
raioz/cmd/override.go:195.89,198.4 1 0
raioz/cmd/override.go:200.3,203.13 3 0
raioz/cmd/override.go:207.13,211.2 3 1
raioz/cmd/ports.go:18.54,21.24 2 0
raioz/cmd/ports.go:21.24,23.18 2 0
raioz/cmd/ports.go:23.18,25.5 1 0
raioz/cmd/ports.go:29.3,29.20 1 0
raioz/cmd/ports.go:29.20,32.18 3 0
raioz/cmd/ports.go:32.18,34.5 1 0
raioz/cmd/ports.go:38.3,39.17 2 0
raioz/cmd/ports.go:39.17,41.4 1 0
raioz/cmd/ports.go:43.3,43.22 1 0
raioz/cmd/ports.go:43.22,46.4 2 0
raioz/cmd/ports.go:49.3,56.30 6 0
raioz/cmd/ports.go:56.30,58.4 1 0
raioz/cmd/ports.go:60.3,61.13 2 0
raioz/cmd/ports.go:65.13,67.2 1 1
raioz/cmd/root.go:23.16,24.42 1 0
raioz/cmd/root.go:24.42,28.3 2 0
raioz/cmd/root.go:31.13,40.69 4 1
raioz/cmd/root.go:40.69,41.21 1 0
raioz/cmd/root.go:41.21,43.4 1 0
raioz/cmd/root.go:44.3,44.14 1 0
raioz/cmd/root.go:44.14,46.4 1 0
raioz/cmd/root.go:49.2,64.29 16 1
raioz/cmd/status.go:26.54,28.16 1 0
raioz/cmd/status.go:28.16,29.72 1 0
raioz/cmd/status.go:29.73,31.5 0 0
raioz/cmd/status.go:35.3,36.17 2 0
raioz/cmd/status.go:36.17,38.4 1 0
raioz/cmd/status.go:41.3,49.5 3 0
raioz/cmd/status.go:53.13,57.2 3 1
raioz/cmd/up.go:36.60,38.16 1 0
raioz/cmd/up.go:38.16,39.68 1 0
raioz/cmd/up.go:39.68,41.5 1 0
raioz/cmd/up.go:44.3,48.17 3 0
raioz/cmd/up.go:48.17,50.4 1 0
raioz/cmd/up.go:53.3,58.17 4 0
raioz/cmd/up.go:58.17,66.4 1 0
raioz/cmd/up.go:69.3,69.36 1 0
raioz/cmd/up.go:69.36,71.4 1 0
raioz/cmd/up.go:74.3,75.17 2 0
raioz/cmd/up.go:75.17,83.4 1 0
raioz/cmd/up.go:86.3,86.22 1 0
raioz/cmd/up.go:86.22,91.18 3 0
raioz/cmd/up.go:91.18,103.5 2 0
raioz/cmd/up.go:104.4,104.25 1 0
raioz/cmd/up.go:104.25,112.5 3 0
raioz/cmd/up.go:118.3,118.44 1 0
raioz/cmd/up.go:118.44,120.4 1 0
raioz/cmd/up.go:123.3,124.36 2 0
raioz/cmd/up.go:124.36,126.22 2 0
raioz/cmd/up.go:126.22,128.5 1 0
raioz/cmd/up.go:132.3,132.59 1 0
raioz/cmd/up.go:132.59,139.4 1 0
raioz/cmd/up.go:142.3,142.20 1 0
raioz/cmd/up.go:142.20,144.31 2 0
raioz/cmd/up.go:144.31,151.5 1 0
raioz/cmd/up.go:152.4,152.63 1 0
raioz/cmd/up.go:156.3,160.24 5 0
raioz/cmd/up.go:160.24,167.4 1 0
raioz/cmd/up.go:168.3,168.28 1 0
raioz/cmd/up.go:168.28,169.42 1 0
raioz/cmd/up.go:169.42,171.5 1 0
raioz/cmd/up.go:175.3,176.17 2 0
raioz/cmd/up.go:176.17,184.4 1 0
raioz/cmd/up.go:186.3,186.35 1 0
raioz/cmd/up.go:186.35,189.36 2 0
raioz/cmd/up.go:189.36,191.63 2 0
raioz/cmd/up.go:191.63,193.6 1 0
raioz/cmd/up.go:197.4,198.18 2 0
raioz/cmd/up.go:198.18,206.5 1 0
raioz/cmd/up.go:208.4,208.36 1 0
raioz/cmd/up.go:208.36,210.5 1 0
raioz/cmd/up.go:213.3,213.30 1 0
raioz/cmd/up.go:213.30,220.4 1 0
raioz/cmd/up.go:225.3,225.67 1 0
raioz/cmd/up.go:225.67,228.4 1 0
raioz/cmd/up.go:231.3,232.17 2 0
raioz/cmd/up.go:232.17,235.4 1 0
raioz/cmd/up.go:235.9,237.30 2 0
raioz/cmd/up.go:237.30,240.5 2 0
raioz/cmd/up.go:244.3,245.17 2 0
raioz/cmd/up.go:245.17,253.4 1 0
raioz/cmd/up.go:254.3,254.22 1 0
raioz/cmd/up.go:254.22,255.14 1 0
raioz/cmd/up.go:255.14,257.5 1 0
raioz/cmd/up.go:258.4,263.5 1 0
raioz/cmd/up.go:267.3,268.17 2 0
raioz/cmd/up.go:268.17,276.4 1 0
raioz/cmd/up.go:277.3,277.22 1 0
raioz/cmd/up.go:277.22,278.14 1 0
raioz/cmd/up.go:278.14,280.5 1 0
raioz/cmd/up.go:281.4,286.5 1 0
raioz/cmd/up.go:290.3,291.29 2 0
raioz/cmd/up.go:291.29,294.27 2 0
raioz/cmd/up.go:294.27,295.47 1 0
raioz/cmd/up.go:295.47,297.51 1 0
raioz/cmd/up.go:297.51,298.48 1 0
raioz/cmd/up.go:298.48,299.30 1 0
raioz/cmd/up.go:299.30,301.14 2 0
raioz/cmd/up.go:304.7,304.62 1 0
raioz/cmd/up.go:304.62,305.13 1 0
raioz/cmd/up.go:309.6,309.62 1 0
raioz/cmd/up.go:309.62,311.7 1 0
raioz/cmd/up.go:317.3,317.69 1 0
raioz/cmd/up.go:317.69,319.4 1 0
raioz/cmd/up.go:322.3,329.17 4 0
raioz/cmd/up.go:329.17,341.4 2 0
raioz/cmd/up.go:342.3,343.16 2 0
raioz/cmd/up.go:343.16,344.49 1 0
raioz/cmd/up.go:344.49,348.5 1 0
raioz/cmd/up.go:348.10,350.5 1 0
raioz/cmd/up.go:354.3,355.17 2 0
raioz/cmd/up.go:355.17,357.4 1 0
raioz/cmd/up.go:360.3,361.21 2 0
raioz/cmd/up.go:361.21,363.18 2 0
raioz/cmd/up.go:363.18,371.5 1 0
raioz/cmd/up.go:373.4,373.24 1 0
raioz/cmd/up.go:373.24,379.36 4 0
raioz/cmd/up.go:379.36,381.6 1 0
raioz/cmd/up.go:382.5,382.89 1 0
raioz/cmd/up.go:382.89,385.6 1 0
raioz/cmd/up.go:389.5,389.70 1 0
raioz/cmd/up.go:389.70,391.6 1 0
raioz/cmd/up.go:392.5,396.96 3 0
raioz/cmd/up.go:396.96,404.6 1 0
raioz/cmd/up.go:405.10,411.37 3 0
raioz/cmd/up.go:411.37,413.6 1 0
raioz/cmd/up.go:414.5,414.34 1 0
raioz/cmd/up.go:414.34,416.6 1 0
raioz/cmd/up.go:418.5,419.33 2 0
raioz/cmd/up.go:419.33,422.6 2 0
raioz/cmd/up.go:427.3,429.17 3 0
raioz/cmd/up.go:429.17,437.4 1 0
raioz/cmd/up.go:438.3,438.25 1 0
raioz/cmd/up.go:438.25,446.4 1 0
raioz/cmd/up.go:449.3,452.56 4 0
raioz/cmd/up.go:452.56,467.4 3 0
raioz/cmd/up.go:468.3,478.84 5 0
raioz/cmd/up.go:478.84,492.4 3 0
raioz/cmd/up.go:493.3,500.37 4 0
raioz/cmd/up.go:500.37,502.4 1 0
raioz/cmd/up.go:503.3,503.36 1 0
raioz/cmd/up.go:503.36,505.4 1 0
raioz/cmd/up.go:507.3,508.17 2 0
raioz/cmd/up.go:508.17,516.4 1 0
raioz/cmd/up.go:518.3,518.40 1 0
raioz/cmd/up.go:518.40,520.71 2 0
raioz/cmd/up.go:520.71,530.5 2 0
raioz/cmd/up.go:532.3,532.28 1 0
raioz/cmd/up.go:532.28,534.4 1 0
raioz/cmd/up.go:537.3,539.40 3 0
raioz/cmd/up.go:539.40,541.43 1 0
raioz/cmd/up.go:541.43,544.13 3 0
raioz/cmd/up.go:547.4,547.32 1 0
raioz/cmd/up.go:547.32,560.89 7 0
raioz/cmd/up.go:560.89,569.6 3 0
raioz/cmd/up.go:570.5,576.35 3 0
raioz/cmd/up.go:576.35,579.6 2 0
raioz/cmd/up.go:579.11,581.6 1 0
raioz/cmd/up.go:582.10,582.41 1 0
raioz/cmd/up.go:582.41,584.5 1 0
raioz/cmd/up.go:585.4,585.45 1 0
raioz/cmd/up.go:588.3,588.32 1 0
raioz/cmd/up.go:588.32,590.4 1 0
raioz/cmd/up.go:593.3,594.32 2 0
raioz/cmd/up.go:594.32,597.4 2 0
raioz/cmd/up.go:599.3,606.17 5 0
raioz/cmd/up.go:606.17,620.4 3 0
raioz/cmd/up.go:621.3,633.48 6 0
raioz/cmd/up.go:633.48,648.4 3 0
raioz/cmd/up.go:649.3,660.46 4 0
raioz/cmd/up.go:660.46,672.4 2 0
raioz/cmd/up.go:673.3,681.22 5 0
raioz/cmd/up.go:681.22,684.18 2 0
raioz/cmd/up.go:684.18,689.5 2 0
raioz/cmd/up.go:690.4,690.25 1 0
raioz/cmd/up.go:690.25,691.104 1 0
raioz/cmd/up.go:691.104,696.6 2 0
raioz/cmd/up.go:697.5,697.63 1 0
raioz/cmd/up.go:699.9,703.18 3 0
raioz/cmd/up.go:703.18,708.5 2 0
raioz/cmd/up.go:709.4,710.49 2 0
raioz/cmd/up.go:715.3,715.24 1 0
raioz/cmd/up.go:715.24,717.18 2 0
raioz/cmd/up.go:717.18,720.5 1 0
raioz/cmd/up.go:720.10,720.30 1 0
raioz/cmd/up.go:720.30,725.34 2 0
raioz/cmd/up.go:725.34,728.47 2 0
raioz/cmd/up.go:728.47,730.35 2 0
raioz/cmd/up.go:730.35,732.8 1 0
raioz/cmd/up.go:733.7,733.99 1 0
raioz/cmd/up.go:737.6,737.102 1 0
raioz/cmd/up.go:737.102,740.7 1 0
raioz/cmd/up.go:746.3,746.24 1 0
raioz/cmd/up.go:746.24,748.52 2 0
raioz/cmd/up.go:748.52,760.5 2 0
raioz/cmd/up.go:761.4,761.60 1 0
raioz/cmd/up.go:766.3,774.17 2 0
raioz/cmd/up.go:774.17,778.4 2 0
raioz/cmd/up.go:781.3,782.40 2 0
raioz/cmd/up.go:782.40,788.4 1 0
raioz/cmd/up.go:791.3,800.83 3 0
raioz/cmd/up.go:800.83,803.4 1 0
raioz/cmd/up.go:805.3,815.13 5 0
raioz/cmd/up.go:820.66,822.37 2 0
raioz/cmd/up.go:822.37,827.33 2 0
raioz/cmd/up.go:827.33,832.4 1 0
raioz/cmd/up.go:834.2,834.20 1 0
raioz/cmd/up.go:837.13,842.2 4 1
raioz/cmd/version.go:25.54,29.42 3 0
raioz/cmd/version.go:29.42,31.4 1 0
raioz/cmd/version.go:33.3,33.48 1 0
raioz/cmd/version.go:33.48,35.4 1 0
raioz/cmd/version.go:38.3,38.23 1 0
raioz/cmd/version.go:38.23,40.4 1 0
raioz/cmd/version.go:42.3,42.13 1 0
raioz/cmd/workspace.go:39.54,43.26 2 0
raioz/cmd/workspace.go:43.26,45.4 1 0
raioz/cmd/workspace.go:48.3,49.17 2 0
raioz/cmd/workspace.go:49.17,51.4 1 0
raioz/cmd/workspace.go:53.3,53.14 1 0
raioz/cmd/workspace.go:53.14,56.18 2 0
raioz/cmd/workspace.go:56.18,58.5 1 0
raioz/cmd/workspace.go:59.4,60.10 2 0
raioz/cmd/workspace.go:61.9,63.4 1 0
raioz/cmd/workspace.go:66.3,67.17 2 0
raioz/cmd/workspace.go:67.17,69.4 1 0
raioz/cmd/workspace.go:71.3,71.22 1 0
raioz/cmd/workspace.go:71.22,73.18 2 0
raioz/cmd/workspace.go:73.18,75.5 1 0
raioz/cmd/workspace.go:76.4,76.25 1 0
raioz/cmd/workspace.go:76.25,78.5 1 0
raioz/cmd/workspace.go:82.3,85.69 2 0
raioz/cmd/workspace.go:85.69,87.4 1 0
raioz/cmd/workspace.go:90.3,90.36 1 0
raioz/cmd/workspace.go:90.36,91.81 1 0
raioz/cmd/workspace.go:91.81,94.5 1 0
raioz/cmd/workspace.go:97.3,98.13 2 0
raioz/cmd/workspace.go:110.54,113.17 2 0
raioz/cmd/workspace.go:113.17,115.4 1 0
raioz/cmd/workspace.go:118.3,119.17 2 0
raioz/cmd/workspace.go:119.17,121.4 1 0
raioz/cmd/workspace.go:123.3,123.27 1 0
raioz/cmd/workspace.go:123.27,127.4 3 0
raioz/cmd/workspace.go:130.3,131.33 2 0
raioz/cmd/workspace.go:131.33,133.29 2 0
raioz/cmd/workspace.go:133.29,135.5 1 0
raioz/cmd/workspace.go:136.4,137.29 2 0
raioz/cmd/workspace.go:137.29,139.5 1 0
raioz/cmd/workspace.go:140.4,140.17 1 0
raioz/cmd/workspace.go:143.3,143.28 1 0
raioz/cmd/workspace.go:143.28,146.4 2 0
raioz/cmd/workspace.go:148.3,148.13 1 0
raioz/cmd/workspace.go:152.13,158.2 2 1
